00:36.264 "JJ" null
00:41.613 "Karl-NAB" null
00:45.135 "YMZK-DENSO" null
00:47.511 "kimmizian" null
00:47.778 "PolishThunder" null
00:48.728 "OneDudeDesign" null
00:49.830 "X-DENSO" null
00:50.608 "SK-DENSO" null
00:51.550 "haikal-DBS" null
00:55.060 "HONG-IVE-CLOUD" null
00:55.490 "YUTAM-DENSO" null
00:55.963 "OscarIVECloud" null
00:57.820 "satussy777" null
01:00.158 "nalbam-me" null
01:00.249 "Matt" null
01:01.533 "JonathanRacer" null
01:01.721 "kimwooglae" null
01:01.985 "ABaykov" null
01:03.764 "gigi-DNPds" null
01:04.461 "mayurmadnani" null
01:06.074 "think" null
01:06.750 "piano" null
01:09.802 "DragonCrew-DBS" null
01:10.286 "Claret" null
01:15.949 "Ruddy" null
01:16.217 "s1thind" null
01:17.910 "Kurosaki" null
01:18.028 "TienHoang-DBS" null
01:18.429 "AM730" null
01:19.165 "hiroisojp" null
01:22.775 "tekgrl" null
01:24.256 "Adam-H" null
01:24.493 "Penguin-DNPds" null
01:25.697 "Wasabi-DevelopersIO" null
01:26.047 "UnsafeAtAnySpeed" null
01:33.709 "Zane-L" null
01:33.932 "Lina" null
01:38.570 "sndyJPMC" null
01:46.662 "msckrishna" null
01:47.702 "GT-Racing" null
01:50.085 "MING-CHUN" null
01:51.300 "aminamehnazDBS" null
01:52.983 "Sugi-DBS" null
01:55.267 "UNO-DENSO" null
01:56.787 "Rakesh-Arumalla" null
02:01.809 "My-First-Deep-Racer" null
02:01.854 "SMYKsMagicBullet" null
02:16.241 "Kire" null
02:26.075 "endGame" null
02:32.891 "Terry-Li-HM" null
