00:23.099 "JJ" null
00:23.645 "Duckworth" null
00:24.030 "Karl-NAB" null
00:25.321 "PolishThunder" null
00:25.427 "IcePandaBoom" null
00:25.441 "Bandi-ShallowMind" null
00:25.497 "OneDudeDesign" null
00:25.514 "Rezso-ShallowMind" null
00:25.609 "Fumiaki" null
00:25.817 "haikal-DBS" null
00:25.907 "kimmizian" null
00:26.309 "satussy777" null
00:26.554 "X-DENSO" null
00:26.564 "RayG" null
00:26.736 "YUTAM-DENSO" null
00:26.789 "JonathanRacer" null
00:26.939 "MiLKB" null
00:27.425 "KevinS" null
00:27.914 "YMZK-DENSO" null
00:27.986 "Yxcas-DBS" null
00:28.238 "OscarIVECloud" null
00:28.420 "Deepak-dpk" null
00:28.442 "UNO-DENSO" null
00:28.509 "Robin-Castro" null
00:28.544 "RogerRabbit" null
00:28.567 "CGS-LargeLattice" null
00:28.961 "sndyJPMC" null
00:29.248 "JPMC-London-03" null
00:29.328 "Jerec" null
00:29.459 "UncleGK-DBS" null
00:29.577 "TerryLi-DBS" null
00:30.293 "Arcjude" null
00:30.356 "ABaykov" null
00:30.454 "Ernesto" null
00:30.537 "SK-DENSO" null
00:30.560 "16vu" null
00:30.689 "gigi-DNPds" null
00:30.954 "Sai-Cherukuri" null
00:31.159 "Terry-Li-HM" null
00:31.175 "F1-DevelopersIO" null
00:31.205 "hiroisojp" null
00:31.355 "Oliver-H" null
00:31.683 "ZLF" null
00:31.750 "Matt" null
00:31.822 "nadeerg-DBS" null
00:31.846 "JJY" null
00:32.010 "st-ind" null
00:32.054 "Pparker" null
00:32.170 "mellowmonk" null
00:32.200 "SaiTeja-Cherukuri" null
00:32.257 "Penguin-DNPds" null
00:32.365 "tonyrob" null
00:32.426 "Speedy-Max" null
00:32.480 "ding" null
00:32.747 "Cindy-DBS" null
00:32.758 "harvey-spec-ind" null
00:32.913 "lancelot" null
00:33.017 "HONG-IVE-CLOUD" null
00:33.042 "nalbam-me" null
00:33.046 "Mark51" null
00:33.536 "kageyama" null
00:33.559 "JackMorton" null
00:33.845 "fuchida-MAINICHI" null
00:33.861 "yokeboy" null
00:33.931 "TienHoang-DBS" null
00:34.047 "TheProfessor" null
00:34.197 "jellyTunaSalad" null
00:34.487 "frankD" null
00:34.566 "venky-c" null
00:34.574 "hinata-shoyo" null
00:34.622 "ven-cher" null
00:34.756 "yoshida-sen" null
00:34.768 "DelfinoF" null
00:34.773 "v-ch" null
00:34.840 "Cronyx" null
00:35.242 "WaveLabCup-test" null
00:35.385 "kimwooglae" null
00:36.023 "TokuchiT" null
00:36.708 "think" null
00:36.716 "2nd" null
00:36.869 "RaviAhlawat" null
00:36.918 "SpeedRizzle2" null
00:37.070 "piano" null
00:37.088 "mayurmadnani" null
00:37.126 "DragonCrew-DBS" null
00:37.188 "Claret" null
00:37.302 "m-hosokawa-nes" null
00:37.451 "TrevorC" null
00:37.629 "Venkatesh" null
00:37.755 "Usin" null
00:38.167 "poonam1234" null
00:38.659 "monk" null
00:38.659 "Delta" null
00:39.227 "Asumi" null
00:40.308 "anuj-aggarwal" null
00:40.338 "Lina" null
00:40.473 "tekgrl" null
00:40.489 "HydJulyTrial" null
00:40.847 "Zane-L" null
00:41.598 "Ruddy" null
