00:57.085 "JJ" null
01:05.757 "Duckworth" null
01:13.053 "OneDudeDesign" null
01:16.817 "WaveLabCup-test" null
01:21.396 "kimmizian" null
01:23.252 "PolishThunder" null
01:25.769 "TienHoang-DBS" null
01:27.194 "ABaykov" null
01:29.178 "Penguin-DNPds" null
01:29.308 "TheROCK-KMITLXRAI" null
01:31.784 "Airborne" null
01:33.957 "tranvietdung-DBS" null
01:34.044 "Jianlong-DBS" null
01:35.283 "YMZK-DENSO" null
01:36.246 "sasagawa-SEC" null
01:36.305 "MM" null
01:41.162 "nalbam-me" null
01:42.675 "Yin" null
01:43.122 "samesame-KMTILXRAI" null
01:44.591 "Cindy-DBS" null
01:44.913 "m0nkmaster" null
01:45.995 "Jsol-Nakase" null
01:46.787 "LoL" null
01:50.790 "BoogieTimeProductions" null
01:51.055 "Kire" null
01:51.170 "NAFleet-NCTF" null
01:52.009 "komine-SEC" null
01:52.168 "YuGe-KMITLXRAI" null
01:52.703 "hashimoto-SEC" null
01:53.081 "mayurmadnani" null
01:53.259 "KX-001" null
01:54.055 "Timmy-KMITL-RAI" null
01:54.340 "Matt" null
01:54.434 "ishizaki-SEC" null
01:54.868 "Deepak-dpk" null
01:56.592 "muzi" null
01:56.753 "roman-toronto" null
01:57.154 "Terry-Li-HM" null
01:58.301 "MOROCAR" null
01:58.974 "CloudCreative" null
02:00.748 "dartjason" null
02:02.069 "Claret" null
02:03.064 "Yeti" null
02:03.456 "nbz" null
02:03.671 "Konatsu-bakuso" null
02:04.277 "asada-SEC" null
02:04.312 "kimwooglae" null
02:05.226 "BlackInterceptor-of-OZ" null
02:05.720 "Usin" null
02:07.828 "sndyJPMC" null
02:08.157 "BL334" null
02:08.351 "sawa" null
02:08.454 "DarkChocolate" null
02:08.839 "RunBabyRun" null
02:09.393 "OscarIVECloud" null
02:09.923 "Luckynumbers" null
02:11.208 "Ruddy" null
02:11.389 "TRANS-SOLA" null
02:11.716 "TaylerUva" null
02:11.776 "AM730" null
02:12.920 "ThumbOrDummy" null
02:14.311 "McMuz70" null
02:14.807 "Tabataku" null
02:15.646 "Jozef-Mak" null
02:15.988 "MING-CHUN" null
02:17.789 "hattori-SEC" null
02:18.131 "ttt" null
02:19.017 "think" null
02:19.125 "Adam-H" null
02:20.900 "HONG-IVE-CLOUD" null
02:21.565 "JPMC-Bmth-02" null
02:23.209 "zl-ong" null
02:23.376 "mellowmonk" null
02:24.129 "BeJP-ChaseR" null
02:24.836 "FCSSRock" null
02:25.495 "RomanKoles" null
02:26.487 "charles-leclerc" null
02:26.571 "piano" null
02:26.601 "Shiv" null
02:28.607 "waka" null
02:28.851 "Wasabi-DevelopersIO" null
02:33.041 "LightningZ" null
02:34.304 "NLMaas" null
02:35.016 "My-First-Deep-Racer" null
02:39.321 "iTrack0123" null
02:40.682 "LoudMonk" null
02:41.221 "HK5-CAR1-eva1" null
02:42.019 "Kolaisaac10" null
02:43.004 "i727935-league" null
02:43.829 "AG" null
02:43.907 "rqtX" null
02:45.239 "MIS3B-1" null
02:45.505 "KokMin-DBS" null
02:46.918 "FRacer" null
02:47.699 "Swashes" null
02:50.093 "Test01-azusawa-001" null
02:52.344 "tutugreen" null
02:53.152 "yowinata" null
02:54.976 "iTRY" null
02:55.098 "Ahmoksha" null
