01:39.784 "JJ" null
01:53.850 "ABaykov" null
02:07.433 "kimmizian" null
02:10.350 "OneDudeDesign" null
02:11.931 "TienHoang-DBS" null
02:13.904 "PolishThunder" null
02:15.124 "nalbam-me" null
02:15.403 "Yeti" null
02:18.400 "tranvietdung-DBS" null
02:22.592 "sndyJPMC" null
02:26.767 "Penguin-DNPds" null
02:29.398 "RunBabyRun" null
02:31.957 "Kire" null
02:34.211 "mayurmadnani" null
02:34.520 "WaveLabCup-test" null
02:38.208 "Asumi" null
02:38.285 "TheROCK-KMITLXRAI" null
02:38.697 "Galileo" null
02:41.640 "MING-CHUN" null
02:46.310 "CruzRamirez" null
02:47.863 "Claret" null
02:51.770 "think" null
02:57.215 "CloudCreative" null
03:01.590 "AM730" null
03:02.019 "Adam-H" null
03:04.575 "MM" null
03:06.301 "kimwooglae" null
03:08.493 "ThumbOrDummy" null
03:08.735 "Duckworth" null
03:10.278 "Ruddy" null
03:16.150 "Usin" null
03:18.369 "sasagawa-SEC" null
03:19.175 "Tabataku" null
03:24.362 "YMZK-DENSO" null
03:25.600 "Rakesh-Arumalla" null
03:27.375 "hashimoto-SEC" null
03:36.315 "ishizaki-SEC" null
03:40.086 "OscarIVECloud" null
03:40.934 "Shiv" null
03:45.463 "My-First-Deep-Racer" null
03:56.299 "HONG-IVE-CLOUD" null
04:14.049 "DarkChocolate" null
04:19.564 "piano" null
04:22.814 "GT-Racing" null
04:37.739 "Design4TeamNagakari" null
04:39.877 "Wasabi-DevelopersIO" null
04:51.781 "AsiaTurboSimRacingLeague" null
05:00.392 "onepau" null
05:01.326 "fuchida-MAINICHI" null
05:03.063 "PoChun-NCTU-CGI" null
05:05.706 "UnsafeAtAnySpeed" null
05:18.984 "Personalee" null
05:25.206 "charles-leclerc" null
05:28.162 "Kurosaki" null
05:34.605 "NicoleRace" null
05:45.354 "BizIntegral" null
06:01.857 "BeJP-ChaseR" null
06:28.061 "SMYKsMagicBullet" null
06:51.208 "Vron" null
06:53.013 "Terry-Li-HM" null
07:03.121 "TheresAStackOfFreshlyMadeWafflesInTheMiddleOfTheForest" null
07:36.312 "msckrishna" null
07:56.152 "vege" null
08:30.300 "KarateRabbit-DBS" null
08:48.548 "McMuz70" null
09:25.762 "sseo" null
09:51.289 "Kolaisaac10" null
11:24.121 "ospf2fullstack" null
14:13.848 "DippingSoul" null
