00:56.801 "ShaoXiong-NCTU-CGI" null
00:57.091 "JJ" null
01:06.418 "Duckworth" null
01:34.533 "PolishThunder" null
01:41.449 "WaveLabCup-test" null
01:44.076 "S-P-" null
01:48.860 "kimmizian" null
01:50.837 "Yxcas-DBS" null
01:53.579 "TienHoang-DBS" null
01:57.947 "Yeti" null
02:04.171 "OneDudeDesign" null
02:04.622 "Penguin-DNPds" null
02:06.868 "Jsol-Nakase" null
02:09.426 "Matt" null
02:09.947 "HydJulyTrial" null
02:11.010 "ABaykov" null
02:11.486 "Usin" null
02:17.247 "Design4TeamNagakari" null
02:17.662 "mayurmadnani" null
02:18.020 "Team-3D-Internal-Race-2B" null
02:18.321 "tranvietdung-DBS" null
02:18.606 "ZivHsu" null
02:28.536 "Cindy-DBS" null
02:30.829 "MING-CHUN" null
02:33.571 "KevinS" null
02:35.054 "Kire" null
02:35.824 "DBro" null
02:36.424 "Test01-azusawa-001" null
02:46.118 "sasagawa-SEC" null
02:47.579 "Tabataku" null
02:50.141 "asada-SEC" null
02:50.930 "waka" null
02:52.062 "kimwooglae" null
02:53.912 "Adam-H" null
02:59.119 "Test1-2" null
03:01.291 "AM730" null
03:03.327 "MATCHA2020" null
03:04.245 "RunBabyRun" null
03:07.672 "ThumbOrDummy" null
03:07.703 "OscarIVECloud" null
03:12.640 "kawatakzk-practice-01" null
03:17.462 "MIS3B-1" null
03:17.938 "nbz" null
03:19.595 "mani-20200420-01" null
03:20.537 "nalbam-me" null
03:22.635 "CloudCreative" null
03:28.261 "ishizaki-SEC" null
03:29.054 "team-ichibanshibori" null
03:32.676 "zl-ong" null
03:35.584 "hashimoto-SEC" null
03:42.630 "test-race01" null
03:42.981 "Galileo" null
03:49.702 "Ruddy" null
03:53.391 "think" null
03:55.760 "GoGo-Avocardo-2" null
03:57.802 "Smiles93" null
04:01.813 "My-First-League-racer" null
04:12.485 "mis5-deepracer" null
04:16.917 "YMZK-DENSO" null
04:25.827 "Rakesh-Arumalla" null
04:33.432 "piano" null
04:34.168 "KikakuTeamA" null
04:42.799 "GT-Racing" null
04:43.777 "Team3D-Internal-Race1" null
04:48.976 "legend" null
04:51.371 "komine-SEC" null
05:00.022 "DarkChocolate" null
05:06.238 "Jozef-Mak" null
05:07.619 "fuchida-MAINICHI" null
05:11.479 "Shiv" null
05:16.821 "NicoleRace" null
05:26.142 "BigDaddy35BRC" null
05:48.854 "Kurosaki" null
06:01.624 "Learner" null
06:11.339 "FastNFurious9" null
06:14.172 "TheresAStackOfFreshlyMadeWafflesInTheMiddleOfTheForest" null
06:29.979 "sndyJPMC" null
06:36.871 "Personalee" null
06:37.218 "My-First-Deep-Racer" null
06:55.124 "Blackcar" null
06:55.930 "Claret" null
06:56.674 "TESTEVAL" null
06:58.216 "mmics" null
07:05.845 "rox116" null
07:29.356 "SMYKsMagicBullet" null
07:29.365 "JPMC-London-03" null
08:37.560 "KarateRabbit-DBS" null
09:07.054 "eugene" null
09:13.963 "Sakthi-DBS" null
12:40.099 "Kolaisaac10" null
15:13.665 "sairam" null
15:16.010 "DippingSoul" null
