00:07.172 "Eric-NCTU-CGI" null
00:07.219 "Ting-NCTU-CGI" null
00:07.306 "Karl-NAB" null
00:07.348 "rogAWS" null
00:07.369 "iceman-NCTU-CGI" null
00:07.575 "JJ" null
00:07.895 "Momotaro-DevelopersIO" null
00:07.964 "ShibaInu-DevelopersIO" null
00:07.988 "D4D-test" null
00:08.009 "ShikaSenbei-DevelopersIO" null
00:08.102 "Barikata-DevelopersIO" null
00:08.104 "XamYxar" null
00:08.181 "Keaton" null
00:08.240 "Breadcentric" null
00:08.248 "piano" null
00:08.314 "JimWu" null
00:08.378 "Yeti" null
00:08.392 "GT-DevelopersIO" null
00:08.422 "DR-DNPds" null
00:08.427 "think" null
00:08.440 "OneDudeDesign" null
00:08.457 "yojio" null
00:08.500 "Narashika-DevelopersIO" null
00:08.509 "kimwooglae" null
00:08.529 "rosscomp1" null
00:08.556 "YiLunLi" null
00:08.610 "Usin" null
00:08.628 "JasonLian" null
00:08.630 "Fumiaki" null
00:08.647 "TonyJ" null
00:08.648 "RayG" null
00:08.695 "RichardFan" null
00:08.728 "Mentaiko-DevelopersIO" null
00:08.773 "Robin-Castro" null
00:08.781 "Kire" null
00:08.789 "dartjason" null
00:08.806 "Joffe" null
00:08.900 "Jerec" null
00:08.910 "Speedwagon" null
00:08.914 "hyeonwoo" null
00:08.927 "Wasabi-DevelopersIO" null
00:08.929 "ZiB" null
00:09.000 "BSi" null
00:09.037 "Etaggel" null
00:09.047 "ABaykov" null
00:09.068 "nero-DNPds" null
00:09.158 "Jouni-Cybercom" null
00:09.237 "PGS-Tomasz-Panek" null
00:09.252 "sideshow-dan" null
00:09.309 "taiyaki-DevelopersIO" null
00:09.318 "fiat126p" null
00:09.400 "Yuto-iTAC-Solutions-Lab" null
00:09.415 "DodolGarut" null
00:09.500 "TRS-DR" null
00:09.505 "ThefastBoy" null
00:09.508 "chilmeran" null
00:09.533 "10millionPowers-DevelopersIO" null
00:09.585 "Jochem" null
00:09.590 "Rvbens" null
00:09.650 "Chris" null
00:09.675 "HelmuthB" null
00:09.716 "nalbam-me" null
00:09.795 "BespinRacer" null
00:09.799 "NicolasPinell" null
00:09.811 "aws-challenger" null
00:09.839 "Andrew-B6" null
00:09.842 "demarco" null
00:09.862 "AD313" null
00:09.912 "Treebeard" null
00:09.918 "ChangsooCap" null
00:09.922 "PolishThunder" null
00:09.926 "SmiffyKMC" null
00:09.974 "Avada" null
00:09.983 "SF" null
00:09.997 "DarkChocolate" null
00:10.022 "IG" null
00:10.041 "GummyBear" null
00:10.052 "PRRC-DNP" null
00:10.067 "Letsgo" null
00:10.076 "Aiis-DNP" null
00:10.111 "Ribbb" null
00:10.120 "sola-DNPds" null
00:10.185 "fgozali" null
00:10.201 "mc" null
00:10.218 "TheJJ" null
00:10.265 "BradRacer" null
00:10.282 "Common-Kingfisher" null
00:10.305 "Priit" null
00:10.310 "evanca" null
00:10.337 "Huyshudu" null
00:10.341 "mogamin" null
00:10.364 "jay" null
00:10.388 "Dalyo" null
00:10.399 "JoeLeyba" null
00:10.411 "shamilin" null
00:10.455 "leo-DNPds" null
00:10.455 "ThinAirCar" null
00:10.468 "BIL" null
00:10.502 "sfs" null
00:10.515 "PlavaMultipla" null
00:12.319 "hiroisojp" null
00:10.519 "KAGRAZAKA-DNP" null
00:13.734 "t-maru078" null
00:12.876 "T-Matsu" null
00:17.477 "akari-DevelopersIO" null
00:15.082 "GWP" null
00:17.353 "jeremyforan" null
00:11.172 "Alex-Schultz" null
00:11.909 "Tempura-DevelopersIO" null
00:10.777 "StarlightDreamStudio" null
00:15.129 "woodstocktimes" null
00:11.102 "Tricycle-NiftyLAB" null
00:11.453 "Sinuhe" null
00:11.883 "Calin-Tesu" null
00:13.179 "myrace" null
00:12.060 "DeMRacer" null
00:11.314 "Crikey" null
00:10.671 "Praveen" null
00:15.135 "Mano" null
00:10.664 "AndreiU" null
00:11.752 "KozmoRacer" null
00:16.376 "Covfefe" null
00:11.920 "gbrejeiro" null
00:11.620 "KozmoShanghai" null
00:11.818 "shivamgarg" null
00:11.525 "mayurmadnani" null
00:11.739 "Arc-Steering-Systems" null
00:11.259 "Mohan-Barathi" null
00:11.142 "Vendetta00" null
00:10.882 "UAWSToretoS" null
00:11.467 "Carl" null
00:10.676 "KolaB" null
00:10.722 "Lina" null
00:17.849 "racelord" null
00:10.905 "zeroAV" null
00:10.985 "LokeshLalwani" null
00:12.280 "Qi" null
00:12.681 "jonathan9879" null
00:19.898 "timdef" null
00:10.653 "TheJJ-Naspers" null
00:11.308 "Shendy" null
