00:08.640 "Breadcentric" null
00:08.720 "JasonLian" null
00:08.856 "Kire" null
00:08.918 "Etaggel" null
00:08.934 "GT-DevelopersIO" null
00:08.975 "yojio" null
00:09.108 "BSi" null
00:09.115 "PGS-Tomasz-Panek" null
00:09.156 "JimWu" null
00:09.182 "DR-DNPds" null
00:09.222 "Speedwagon" null
00:09.240 "kimwooglae" null
00:09.242 "Aiis-DNP" null
00:09.242 "D4D-test" null
00:09.289 "think" null
00:09.298 "Treebeard" null
00:09.308 "Fumiaki" null
00:09.314 "Sinuhe" null
00:09.355 "RayG" null
00:09.380 "JJ" null
00:09.416 "nero-DNPds" null
00:09.421 "piano" null
00:09.525 "myrace" null
00:09.548 "Karl-NAB" null
00:09.587 "Mentaiko-DevelopersIO" null
00:09.590 "DANKracer3" null
00:09.610 "taiyaki-DevelopersIO" null
00:09.619 "Jouni-Cybercom" null
00:09.623 "GonLoki" null
00:09.647 "RichardFan" null
00:09.722 "Joffe" null
00:09.785 "Momotaro-DevelopersIO" null
00:09.903 "ThefastBoy" null
00:09.914 "OneDudeDesign" null
00:09.938 "YiLunLi" null
00:09.962 "10millionPowers-DevelopersIO" null
00:09.972 "Vendetta00" null
00:09.973 "aws-challenger" null
00:09.976 "ChangsooCap" null
00:09.990 "fgozali" null
00:10.045 "Narashika-DevelopersIO" null
00:10.087 "Dalyo" null
00:10.098 "maeda-ai" null
00:10.120 "nalbam-me" null
00:10.138 "BespinRacer" null
00:10.174 "UAWSToretoS" null
00:10.177 "Jochem" null
00:10.187 "Carl" null
00:10.249 "HY-DNP" null
00:10.255 "iceman-NCTU-CGI" null
00:10.259 "DarkChocolate" null
00:10.297 "Parzival" null
00:10.309 "rosscomp1" null
00:10.310 "Usin" null
00:10.371 "MrMitch" null
00:10.381 "PRRC-DNP" null
00:10.382 "SmiffyKMC" null
00:10.438 "sola-DNPds" null
00:10.448 "Priit" null
00:10.505 "Praveen" null
00:10.513 "rogAWS" null
00:10.518 "KolaB" null
00:10.566 "Tricycle-NiftyLAB" null
00:10.566 "Common-Kingfisher" null
00:10.569 "Crikey" null
00:10.578 "AndreiU" null
00:10.590 "KozmoRacer" null
00:10.649 "TonyJ" null
00:10.715 "mayurmadnani" null
00:10.723 "leo-DNPds" null
00:10.728 "KozmoShanghai" null
00:10.730 "Lina" null
00:10.730 "racelord" null
00:10.742 "dartjason" null
00:10.759 "chilmeran" null
00:10.780 "fiat126p" null
00:10.784 "HTTVinD" null
00:10.786 "ThinAirCar" null
00:10.828 "Art3mis" null
00:10.831 "OllyOllyOxenFree" null
00:10.850 "DodolGarut" null
00:10.857 "Mohan-Barathi" null
00:10.861 "Yeti" null
00:10.919 "sideshow-dan" null
00:10.923 "theabao" null
00:10.936 "gbrejeiro" null
00:10.972 "zeroAV" null
00:11.014 "KAGRAZAKA-DNP" null
00:11.028 "RIDL" null
00:11.040 "Kish" null
00:11.041 "LokeshLalwani" null
00:11.041 "Qi" null
00:11.042 "jonathan9879" null
00:11.047 "Michael-Equi" null
00:11.058 "ABaykov" null
00:11.111 "timdef" null
00:11.142 "Ribbb" null
00:11.158 "TheJJ-Naspers" null
00:11.241 "Arc-Steering-Systems" null
00:11.247 "Shendy" null
00:11.462 "hiroisojp" null
00:11.580 "hyeonwoo" null
00:14.885 "mogamin" null
00:12.478 "nalbam" null
00:13.411 "Robin-Castro" null
00:11.602 "Maverick" null
00:16.681 "t-maru078" null
00:13.009 "SF" null
00:11.928 "kito-DNPds" null
00:13.524 "T-Matsu" null
00:12.239 "KR-seren" null
00:21.160 "funakisu" null
00:14.296 "GWP" null
00:22.247 "jeremyforan" null
00:16.410 "avni" null
00:11.604 "Alex-Schultz" null
00:13.192 "Hazelnut-DevelopersIO" null
00:12.458 "Tempura-DevelopersIO" null
00:21.553 "Voltecker-DevelopersIO" null
00:12.729 "StarlightDreamStudio" null
00:12.667 "Guga" null
00:14.743 "Wasabi-DevelopersIO" null
00:14.611 "TRS-DR" null
00:15.001 "woodstocktimes" null
00:14.048 "SatoM" null
00:12.245 "Devina" null
09:34.818 "TrevorPierce" null
00:11.583 "Calin-Tesu" null
00:11.382 "kodama-SEC" null
00:15.929 "samx18" null
00:33.591 "DeMRacer" null
00:11.526 "lans" null
00:12.406 "Mano" null
00:12.389 "Covfefe" null
00:11.541 "shivamgarg" null
00:11.883 "Deep-Racer" null
00:14.522 "Better-Variables" null
00:11.765 "sammy" null
00:11.693 "SilvioMoriNeto" null
00:12.303 "rusczak" null
00:11.249 "sfs" null
00:11.541 "ss" null
00:12.672 "Dimitri" null
00:11.434 "DivyaPuri" null
00:12.607 "Melnana" null
00:12.499 "MihailD" null
00:16.466 "Sciseed-HK" null
00:15.811 "KasztP" null
00:13.608 "Myth" null
00:11.971 "2ndSeneca-Basic1st" null
00:13.925 "shamilin" null
00:12.912 "jxtrbtk" null
00:12.732 "Mister-McGoo" null
00:13.326 "CapMapre" null
00:13.731 "zain-quickbot" null
00:13.846 "moncy0105" null
00:13.982 "aa" null
00:13.793 "andypowe11" null
00:14.205 "IlieTiberiu" null
00:13.683 "Mazi001" null
00:15.200 "anonymous-racer" null
00:18.835 "NewSpeed" null
00:13.472 "reBorn" null
00:15.092 "shahram95" null
00:12.462 "Ailien" null
00:13.249 "amitsharma" null
00:14.607 "marcusholmgren" null
00:15.950 "pacer" null
00:14.858 "henriquejsfj" null
00:12.708 "Vita" null
00:16.557 "demur" null
00:15.267 "Chiranjeevi-Pokala" null
00:12.064 "mukesh-rl" null
00:16.455 "EMY-MOMZ" null
00:14.348 "kam013n" null
00:16.541 "Sputnik" null
00:13.927 "GuMiBears" null
00:12.113 "Arias" null
00:18.654 "Darthvin" null
00:18.518 "mukul" null
00:17.634 "katookatoo" null
00:17.076 "cpallapolu" null
00:16.080 "AbdElrhman-Mohamed" null
00:15.131 "shebin" null
00:16.728 "jdvpr" null
00:16.740 "aibsee" null
00:18.467 "andijakl" null
00:18.839 "Satyajit" null
00:19.887 "UBoga1" null
00:18.273 "Crunching-chaos" null
00:15.798 "BabyBoo" null
00:16.100 "MrDeepRacer" null
00:14.358 "Arthast" null
00:16.475 "Andrew-B6" null
00:18.317 "Torque" null
00:15.834 "henriquepilbil" null
00:45.604 "SK" null
00:18.345 "chetaah" null
00:18.198 "KamranVic" null
00:19.748 "TrixieCat" null
00:19.047 "sujeebot" null
00:19.201 "ural-batyr" null
00:22.522 "1stracebyas" null
00:21.995 "CmRacer3" null
00:20.681 "dotcosmos" null
00:20.889 "Enhardened" null
00:20.951 "trainocate" null
00:21.230 "vimana108" null
00:21.290 "Klambrike" null
00:13.272 "BloatedRacerMan" null
00:12.389 "SuperKurbat" null
00:18.963 "devis" null
00:12.665 "Blockhasher" null
00:12.843 "Sheldor" null
00:26.351 "arcspeeder" null
00:16.986 "Beshjm" null
00:14.609 "alxb" null
00:14.880 "Torval" null
00:15.318 "GabPalozzi" null
00:20.492 "Numentar" null
00:14.254 "matos-france" null
00:15.198 "5ervant" null
00:11.523 "PaulMR" null
00:14.272 "KITXIX" null
00:11.432 "Ikechukwu" null
00:14.453 "joshuak" null
00:15.264 "deeplylearned" null
00:11.608 "krishrahul98" null
00:14.207 "Chaldea" null
00:17.068 "yqj" null
00:13.461 "j0rg3B3d" null
00:12.786 "KNiziol" null
00:13.583 "rahuldevelops" null
00:14.748 "satyamtg" null
00:24.732 "Binit" null
00:11.277 "KING" null
00:17.856 "JaiBhim" null
00:11.473 "baka" null
00:22.976 "FJYSK" null
00:12.148 "TonyMarkham" null
00:14.006 "EoreDonkeycar" null
00:14.335 "Adam-H" null
00:12.539 "GarbageCar" null
00:11.301 "Jerec" null
00:19.401 "DKotto" null
00:16.239 "MoJoMoon" null
00:12.853 "escanor1996" null
00:17.321 "SparkiO" null
00:32.834 "hisys-radius" null
00:14.457 "Rock-it" null
00:24.791 "armandojimenezdev" null
00:13.690 "Ajitesh" null
00:13.806 "mrcly" null
00:11.906 "PabloEsparza" null
00:13.699 "JoeLeyba" null
00:11.614 "TheJJ" null
02:22.410 "Mr-Mohamed" null
00:11.994 "BIL" null
00:13.871 "Vortana-Say" null
00:14.405 "TheRealNigerian" null
00:11.745 "IvanMolto" null
00:11.893 "Chris" null
00:11.695 "evanca" null
00:12.592 "Huyshudu" null
00:12.803 "Gradient-Racer" null
09:59.273 "goma" null
00:15.102 "ZiB" null
00:15.417 "Rvbens" null
00:36.813 "lambaxy" null
00:17.619 "Avada" null
00:14.067 "BradRacer" null
00:15.615 "GummyBear" null
00:23.301 "jay" null
00:18.083 "Yuto-iTAC-Solutions-Lab" null
00:13.867 "Letsgo" null
09:12.698 "PlavaMultipla" null
00:11.248 "NicolasPinell" null
