00:09.7 "Karl-NAB" 990.261
00:10.5 "Fumiaki" 989.523
00:11.2 "Paul-NAB" 988.766
00:11.3 "Taiwan-Taipei-CKSun" 988.736
00:11.7 "10ANTZ-" 988.293
00:12.2 "maeda-ai" 987.761
00:12.3 "hiroisojp" 987.672
00:12.4 "hyeonwoo" 987.645
00:12.4 "Etaggel" 987.637
00:12.4 "RayG" 987.612
00:12.4 "nalbam-me" 987.599
00:12.4 "mogamin" 987.574
00:12.4 "PGS-Tomasz-Panek" 987.573
00:12.4 "Holly" 987.568
00:12.5 "ICBart" 987.533
00:12.5 "Rokki" 987.532
00:12.5 "PabloAlexandre" 987.519
00:12.5 "rkom" 987.506
00:12.5 "OBAKE" 987.483
00:12.5 "Breadcentric" 987.478
00:12.5 "FSI-innovation" 987.473
00:12.5 "osw" 987.465
00:12.6 "ABaykov" 987.439
00:12.6 "kazuyaM" 987.435
00:12.6 "JasonLian" 987.429
00:12.6 "Jouni-Cybercom" 987.41
00:12.6 "Maxmus-CT" 987.405
00:12.6 "ak401" 987.396
00:12.6 "arg1" 987.39
00:12.6 "HY-DNP" 987.384
00:12.6 "miniboss" 987.378
00:12.7 "Floppy-Driver" 987.349
00:12.7 "RichardFan" 987.333
00:12.7 "Nuwan" 987.325
00:12.7 "Choong-T-Tan" 987.315
00:12.7 "GDIT-EB-Racer" 987.314
00:12.7 "Wex-DLAI" 987.274
00:12.7 "Kire" 987.273
00:12.7 "hideki" 987.27
00:12.7 "nalbam" 987.263
00:12.7 "KAGRAZAKA-DNP" 987.253
00:12.8 "yamayoko" 987.238
00:12.8 "Alan-at-GJI" 987.232
00:12.8 "sadynitro" 987.231
00:12.8 "mura" 987.219
00:12.8 "Agni" 987.21
00:12.8 "Alan-Prost" 987.202
00:12.8 "10ANTZ-AI" 987.201
00:12.8 "yonaha" 987.198
00:12.8 "AWS-DEEP-PUDGE" 987.195
00:12.8 "Masaaki-Taguchi" 987.189
00:12.8 "imNaoking" 987.183
00:12.8 "yuki-h" 987.163
00:12.8 "MARIO" 987.151
00:12.9 "leo-DNPds" 987.127
00:12.9 "TonyJ" 987.125
00:12.9 "Robin-Castro" 987.122
00:12.9 "MedcRacer001" 987.107
00:12.9 "Bailey-Invast" 987.101
00:12.9 "t-oguma" 987.098
00:12.9 "Falkor" 987.094
00:12.9 "nero-DNPds" 987.086
00:12.9 "nws-iwa" 987.083
00:12.9 "mc" 987.074
00:12.9 "Sato" 987.066
00:12.9 "ZivHsu" 987.06
00:12.9 "Nick-K" 987.053
00:13.0 "Aiis-DNP" 987.042
00:13.0 "takahashi" 987.038
00:13.0 "BartCallant" 987.035
00:13.0 "Maverick" 987.01
00:13.0 "del" 987.008
00:13.0 "Jane" 987.007
00:13.0 "t-maru078" 986.992
00:13.0 "Alex" 986.986
00:13.0 "JimWu" 986.968
00:13.0 "N0b1ts" 986.955
00:13.0 "yusa" 986.955
00:13.1 "yamane3ch" 986.918
00:13.1 "Jonas-Cybercom" 986.905
00:13.1 "superTestone" 986.887
00:13.2 "Mike" 986.849
00:13.2 "CharlieB" 986.829
00:13.2 "hakunosuke" 986.816
00:13.2 "MattC" 986.815
00:13.3 "McTesty" 986.745
00:13.3 "SF" 986.738
00:13.3 "BL" 986.731
00:13.3 "Tarragona" 986.728
00:13.3 "praveen" 986.659
00:13.4 "dr-i-s-oki" 986.628
00:13.4 "sola-DNPds" 986.612
00:13.5 "Tocci" 986.541
00:14.2 "BespinRacer" 985.771
00:14.5 "cml" 985.517
00:14.6 "RickyBobby" 985.445
00:14.6 "ZeZke" 985.417
00:15.2 "NAB-Amith" 984.83
00:15.2 "Jochem" 984.779
00:15.5 "mh07" 984.538
00:19.6 "kimwooglae" 980.388
01:42.6 "kito-DNPds" 897.371
00:20.4 "KJH" 979.614
00:25.1 "MrMo" 974.888
00:25.3 "ECMC" 974.733
00:41.5 "BlackBookCoop" 958.462
00:21.4 "GWP" 978.631
00:25.7 "RoboHide" 974.297
00:21.3 "TemperanceSystemTechnologies" 978.677
01:47.4 "first-deepracer-model" 892.638
00:20.5 "DrunkCar" 979.458
00:25.4 "Alex-Data73" 974.644
00:20.6 "dilemo-de-malliberulo" 979.399
00:22.0 "Alex-Schultz" 977.993
00:22.6 "StarlightDreamStudio" 977.415
00:36.7 "m4-fujiwara" 963.321
00:24.4 "woodstocktimes" 975.643
00:22.0 "Carl" 977.986
00:24.4 "CmRacer3" 975.645
00:28.8 "test-racer" 971.242
