00:08.8 "Karl-NAB" 991.22
00:09.2 "2edgy" 990.8
00:09.5 "Etaggel" 990.53
00:10.0 "PGS-Tomasz-Panek" 989.98
00:10.0 "Breadcentric" 989.97
00:10.3 "think" 989.74
00:10.3 "kimwooglae" 989.74
00:10.3 "JimWu" 989.66
00:10.4 "nero-DNPds" 989.59
00:10.5 "JasonLian" 989.54
00:10.5 "Jouni-Cybercom" 989.51
00:10.7 "Narashika-DevelopersIO" 989.29
00:10.8 "10millionPowers-DevelopersIO" 989.16
00:11.3 "GT-DevelopersIO" 988.7
00:11.3 "Aiis-DNP" 988.69
00:11.4 "Jochem" 988.58
00:11.5 "sola-DNPds" 988.55
00:11.6 "Fumiaki" 988.37
00:11.6 "nalbam-me" 988.37
00:11.9 "ImoShochu-DevelopersIO" 988.15
00:11.9 "mogamin" 988.13
00:11.9 "yuki-h" 988.06
00:12.0 "Mentaiko-DevelopersIO" 988.03
00:12.0 "Alex-Schultz" 988.01
00:12.0 "ShibaInu-DevelopersIO" 987.98
00:12.2 "hiroisojp" 987.83
00:12.3 "ABaykov" 987.72
00:12.3 "maeda-ai" 987.66
00:12.5 "YiLunLi" 987.47
00:12.9 "RockwellAutomation-SugarRush" 987.08
00:13.1 "Momotaro-DevelopersIO" 986.91
00:13.3 "YazRacer2" 986.7
00:13.4 "leo-DNPds" 986.62
00:13.5 "RayG" 986.5
00:13.5 "Dalyo" 986.5
00:13.7 "ChangsooCap" 986.29
00:13.9 "Hazelnut-DevelopersIO" 986.14
00:13.9 "HY-DNP" 986.13
00:14.1 "akari-DevelopersIO" 985.85
00:14.2 "Yamada-PCI" 985.83
00:14.3 "taiyaki-DevelopersIO" 985.69
00:14.4 "Tempura-DevelopersIO" 985.63
00:14.6 "Voltecker-DevelopersIO" 985.36
00:14.7 "NEOWIZ-HOEIK" 985.29
00:14.9 "KAGRAZAKA-DNP" 985.11
00:15.1 "blue-sim" 984.9
00:15.1 "pinkdolphin" 984.89
00:15.1 "SKModel-A" 984.88
00:15.3 "StarlightDreamStudio" 984.74
00:15.3 "KJH" 984.67
00:15.4 "nalbam" 984.61
00:15.4 "Gremlin" 984.59
00:15.5 "SamplePreventZigzagSugarRush" 984.54
00:15.5 "luiscosio" 984.48
00:15.6 "Maverick" 984.42
00:15.6 "Common-Kingfisher" 984.39
00:15.6 "ELO-Kingfisher" 984.38
00:15.6 "T-Matsu" 984.37
00:15.6 "BespinRacer" 984.36
00:15.7 "N0b1ts" 984.32
00:15.7 "jayant-pwc" 984.31
00:15.3 "StarlightDreamStudio" null
00:15.8 "SampleFollowCenterLine1" 984.19
00:16.0 "easytorace-v1" 983.96
00:16.2 "RockwellAutomation-JavaJuice-v5" 983.85
00:16.3 "kito-DNPds" 983.75
00:16.3 "TNT" 983.68
00:16.3 "Nick-K" 983.66
00:16.4 "m4-fujiwara" 983.6
00:16.4 "Guga" 983.59
00:16.4 "Wasabi-DevelopersIO" 983.57
00:16.5 "GonLoki" 983.53
00:16.5 "Robin-Castro" 983.49
00:16.6 "TonyJ" 983.45
00:16.7 "hyeonwoo" 983.33
00:16.7 "Kire" 983.33
00:16.7 "PW-JH" 983.29
00:16.8 "Rubono" 983.21
00:16.9 "coreylgorman" 983.13
00:17.3 "Mustapha-DZ" 982.73
00:17.3 "LM" 982.69
00:17.3 "TRS-DR" 982.68
00:17.3 "GWP" 982.65
00:17.4 "DarkChocolate" 982.56
00:17.5 "RockwellAutomation-LightningMcQueen3" 982.55
00:17.5 "woodstocktimes" 982.54
00:17.6 "Tricycle-NiftyLAB" 982.43
00:17.6 "mura" 982.41
00:17.7 "funakisu" 982.25
00:17.9 "astronav2" 982.11
00:18.0 "Jean-donald" 982
00:18.1 "t-maru078" 981.89
00:18.3 "Cartral" 981.69
00:18.4 "ali" 981.63
00:18.5 "Michael-Equi" 981.53
00:18.5 "SatoM" 981.51
00:18.6 "Sukiyaki-DNP" 981.45
00:18.6 "DLZP-honeybadger" 981.41
00:18.7 "RockwellAutomation-JavaJuice" 981.33
00:18.7 "Barikata-DevelopersIO" 981.33
00:19.2 "rkom" 980.85
00:18.8 "SF" 981.23
00:20.7 "BL" 979.28
00:18.9 "Whirlwind" 981.12
00:20.9 "Alex-Data73" 979.09
00:19.4 "rosscomp1" 980.62
00:20.1 "BSi" 979.93
00:20.6 "D4D-test" 979.43
00:18.8 "Carl" 981.2
00:19.3 "PabloEsparza" 980.66
00:20.1 "TheJJ" 979.88
