00:10.312 "Fumiaki" null
00:10.609 "Karl-NAB" null
00:10.639 "kimwooglae" null
00:11.091 "think" null
00:11.120 "kito-DNPds" null
00:11.167 "sola-DNPds" null
00:11.245 "maeda-ai" null
00:11.607 "nero-DNPds" null
00:11.706 "PGS-Tomasz-Panek" null
00:11.876 "Breadcentric" null
00:12.124 "hiroisojp" null
00:12.154 "RichardFan" null
00:12.243 "Jochem" null
00:12.468 "T-Matsu" null
00:12.561 "Lars" null
00:12.655 "leo-DNPds" null
00:12.706 "Jouni-Cybercom" null
00:12.720 "KR-seren" null
00:12.762 "hayakawa-ULS" null
00:12.763 "Aiis-DNP" null
00:12.937 "nalbam-me" null
00:13.146 "DANKracer" null
00:13.162 "Etaggel" null
00:13.260 "ABaykov" null
00:13.324 "t-maru078" null
00:13.359 "mogamin" null
00:13.494 "JasonLian" null
00:13.544 "ICBart" null
00:13.865 "hyeonwoo" null
00:13.942 "NSD" null
00:14.285 "Cartral" null
00:14.363 "SF" null
00:14.391 "Floppy-Driver" null
00:14.396 "TonyJ" null
00:14.450 "KJH" null
00:14.540 "JKY-JB1" null
00:14.555 "nalbam" null
00:14.595 "yojio" null
00:14.597 "BespinRacer" null
00:14.928 "MrMo" null
00:14.935 "Rokki" null
00:14.944 "yuki-h" null
00:14.947 "akari-DevelopersIO" null
00:14.968 "ECMC" null
00:15.082 "YiLunLi" null
00:15.254 "funakisu" null
00:15.274 "CharlieB" null
00:15.448 "2edgy" null
00:15.600 "Kire" null
00:15.629 "hikarim-ULS" null
00:15.787 "Jonas-Cybercom" null
00:15.836 "Robin-Castro" null
00:15.941 "Fluffy-Kittens" null
00:15.950 "BlackBookCoop" null
00:16.053 "ELO-Kingfisher" null
00:16.264 "GWP" null
00:16.412 "HarveyBC" null
00:16.421 "zurit-v0" null
00:16.435 "CELI-T1" null
00:16.465 "GDIT-EB-Racer" null
00:16.682 "SpeedRacer" null
00:16.723 "Whirlwind" null
00:16.726 "Mentaiko-DevelopersIO" null
00:16.850 "RoboHide" null
00:16.861 "JimWu" null
00:16.912 "Momotaro-DevelopersIO" null
00:17.016 "yonaha" null
00:17.044 "SlowDownForWhat" null
00:17.090 "Jean-donald" null
00:17.131 "TemperanceSystemTechnologies" null
00:17.144 "DAITOKAI-CM" null
00:17.190 "Paul-NAB" null
00:17.215 "first-deepracer-model" null
00:17.324 "DrunkCar" null
00:17.382 "Falkor" null
00:17.441 "KevinGoGo" null
00:17.453 "coreylgorman" null
00:17.584 "Takoyaki-CM" null
00:17.693 "Taiwan-Taipei-CKSun" null
00:17.740 "Wex-DLAI" null
00:17.742 "glivon" null
00:17.862 "RocketNick" null
00:17.900 "taiyaki-DevelopersIO" null
00:17.915 "jeremyforan" null
00:18.035 "DANKracer2" null
00:18.052 "DarkChocolate" null
00:18.342 "avni" null
00:18.400 "TaylorYorkAWS" null
00:18.810 "GonzaloRacer" null
00:19.154 "KAGRAZAKA-DNP" null
00:19.186 "cloudedu-MET" null
00:19.218 "KeaganAI" null
00:19.309 "AlexSP-D73" null
00:19.350 "10millionPowers-DevelopersIO" null
00:19.584 "astronav2" null
00:19.611 "Alex-Data73" null
00:19.675 "DRY000" null
00:19.737 "dilemo-de-malliberulo" null
00:19.850 "DeepKenichi" null
00:19.883 "test-racer" null
00:23.393 "RayG" null
00:20.009 "Holly" null
00:21.505 "rkom" null
00:23.656 "HY-DNP" null
00:23.277 "mura" null
00:23.933 "Nick-K" null
00:22.690 "Maverick" null
00:21.031 "N0b1ts" null
00:25.119 "MattC" null
00:25.068 "McTesty" null
00:21.658 "dr-i-s-oki" null
00:21.240 "NAB-Amith" null
00:39.843 "Narashika-DevelopersIO" null
00:22.420 "GT-DevelopersIO" null
00:21.522 "Alex-Schultz" null
00:20.695 "Dalyo" null
01:26.820 "Hazelnut-DevelopersIO" null
00:31.366 "Yamada-PCI" null
00:32.793 "blue-sim" null
00:22.468 "StarlightDreamStudio" null
00:32.000 "jayant-pwc" null
00:21.761 "m4-fujiwara" null
00:25.476 "Wasabi-DevelopersIO" null
00:41.553 "PW-JH" null
00:21.832 "woodstocktimes" null
00:25.154 "NewSpeed" null
00:27.483 "CmRacer3" null
00:21.852 "trainocate" null
