00:08.028 "Karl-NAB" null
00:08.034 "Breadcentric" null
00:08.413 "JasonLian" null
00:08.513 "JimWu" null
00:08.541 "YiLunLi" null
00:08.567 "ZivHsu" null
00:08.777 "taiyaki-DevelopersIO" null
00:08.813 "Etaggel" null
00:08.824 "GT-DevelopersIO" null
00:09.037 "kimwooglae" null
00:09.037 "10millionPowers-DevelopersIO" null
00:09.048 "yojio" null
00:09.269 "iceman-NCTU-CGI" null
00:09.296 "nero-DNPds" null
00:09.371 "think" null
00:09.379 "RayG" null
00:09.409 "Fumiaki" null
00:09.421 "GonLoki" null
00:09.454 "Aiis-DNP" null
00:09.510 "mogamin" null
00:09.526 "Keaton" null
00:09.528 "RichardFan" null
00:09.572 "MarioCart" null
00:09.645 "Momotaro-DevelopersIO" null
00:09.673 "PGS-Tomasz-Panek" null
00:09.715 "matsunaga-SEC" null
00:09.781 "Sinuhe" null
00:09.793 "ShibaInu-DevelopersIO" null
00:09.912 "yamakawa-sec" null
00:09.966 "Jochem" null
00:09.996 "nalbam-me" null
00:10.004 "Mentaiko-DevelopersIO" null
00:10.050 "aws-challenger" null
00:10.080 "x-wing" null
00:10.133 "ChangsooCap" null
00:10.210 "hiroisojp" null
00:10.227 "Devina" null
00:10.229 "a-wing" null
00:10.283 "sola-DNPds" null
00:10.342 "SmiffyKMC" null
00:10.387 "Dalyo" null
00:10.395 "fiat126p" null
00:10.420 "HY-DNP" null
00:10.489 "rosscomp1" null
00:10.500 "nalbam-mz" null
00:10.581 "Kire" null
00:10.603 "TrevorPierce" null
00:10.614 "Calin-Tesu" null
00:10.615 "myrace" null
00:10.631 "kodama-SEC" null
00:10.654 "fgozali" null
00:10.670 "pimpke" null
00:10.674 "DANKracer3" null
00:10.718 "samx18" null
00:10.724 "DarkChocolate" null
00:10.728 "hyeonwoo" null
00:10.731 "BSi" null
00:10.781 "leo-DNPds" null
00:10.782 "DeMRacer" null
00:10.798 "OneDudeDesign" null
00:10.811 "Common-Kingfisher" null
00:10.847 "Crikey" null
00:10.855 "Speedwagon" null
00:10.860 "Alex-Schultz" null
00:10.860 "Rubono" null
00:10.873 "hiratsuka-SEC" null
00:10.916 "Yamada-PCI" null
00:10.941 "lans" null
00:10.979 "Praveen" null
00:10.992 "Joffe" null
00:10.993 "Adilet" null
00:11.080 "kamitsukasa-SEC" null
00:11.108 "Mano" null
00:11.110 "ThefastBoy" null
00:11.111 "TonyJ" null
00:11.152 "AndreiU" null
00:11.172 "Tricycle-NiftyLAB" null
00:11.247 "luiscosio" null
00:11.254 "KozmoRacer" null
00:11.277 "Covfefe" null
00:11.298 "Maverick" null
00:11.301 "ABaykov" null
00:11.303 "gbrejeiro" null
00:11.336 "KozmoShanghai" null
00:11.373 "shivamgarg" null
00:11.379 "Wasabi-DevelopersIO" null
00:11.380 "Deep-Racer" null
00:11.383 "T-Matsu" null
00:11.395 "mayurmadnani" null
00:11.463 "zurit-v0" null
00:11.486 "Better-Variables" null
00:11.501 "MarcoYolo" null
00:11.535 "HTTVinD" null
00:11.601 "Arc-Steering-Systems" null
00:11.601 "JJ" null
00:11.655 "Jouni-Cybercom" null
00:11.733 "sammy" null
00:11.739 "DR-DNPds" null
00:11.765 "Mohan-Barathi" null
00:11.790 "sfs" null
00:12.044 "maeda-ai" null
00:14.253 "ICBart" null
00:12.489 "nalbam" null
00:14.657 "KAGRAZAKA-DNP" null
00:12.314 "Robin-Castro" null
00:13.257 "t-maru078" null
00:13.678 "SF" null
00:12.993 "BespinRacer" null
00:13.100 "kito-DNPds" null
00:12.834 "KJH" null
00:15.484 "JKY-JB1" null
00:14.859 "funakisu" null
00:21.000 "BlackBookCoop" null
00:13.589 "GWP" null
00:14.321 "HarveyBC" null
00:17.693 "TemperanceSystemTechnologies" null
00:13.035 "coreylgorman" null
00:57.990 "Narashika-DevelopersIO" null
00:13.227 "Hazelnut-DevelopersIO" null
00:12.349 "StarlightDreamStudio" null
00:12.568 "Guga" null
00:15.079 "TRS-DR" null
00:14.149 "woodstocktimes" null
00:12.027 "Michael-Equi" null
00:13.533 "SatoM" null
00:11.936 "D4D-test" null
00:13.849 "Treebeard" null
00:12.191 "Vendetta00" null
00:25.587 "UAWSToretoS" null
00:11.926 "Carl" null
00:17.505 "Usin" null
00:14.076 "PRRC-DNP" null
00:15.310 "Priit" null
00:16.045 "KolaB" null
01:16.938 "Lina" null
00:17.375 "chilmeran" null
00:12.350 "ThinAirCar" null
00:13.256 "DodolGarut" null
00:12.525 "sideshow-dan" null
00:14.072 "theabao" null
00:58.314 "RIDL" null
00:22.049 "Kish" null
00:13.020 "LokeshLalwani" null
00:11.987 "jonathan9879" null
01:19.325 "timdef" null
00:12.205 "Ribbb" null
00:16.398 "SilvioMoriNeto" null
00:12.422 "ss" null
00:15.042 "Dimitri" null
00:13.972 "DivyaPuri" null
00:12.490 "Melnana" null
00:12.271 "MihailD" null
00:21.942 "KasztP" null
00:13.666 "Myth" null
00:14.014 "2ndSeneca-Basic1st" null
00:59.245 "shamilin" null
00:12.974 "jxtrbtk" null
00:13.755 "Mister-McGoo" null
00:15.832 "CapMapre" null
00:13.004 "aa" null
00:15.457 "anonymous-racer" null
00:18.503 "NewSpeed" null
00:14.023 "reBorn" null
00:14.744 "tokano" null
00:14.811 "shahram95" null
00:14.366 "Ailien" null
00:17.520 "amitsharma" null
01:08.609 "marcusholmgren" null
00:15.485 "Vita" null
00:20.193 "demur" null
00:14.592 "Chiranjeevi-Pokala" null
00:13.252 "mukesh-rl" null
00:28.490 "EMY-MOMZ" null
00:19.822 "kam013n" null
00:16.179 "Sputnik" null
00:15.461 "Arias" null
00:59.370 "mukul" null
00:17.551 "katookatoo" null
00:14.908 "cpallapolu" null
00:58.477 "AbdElrhman-Mohamed" null
00:27.317 "andijakl" null
00:18.061 "MrDeepRacer" null
00:16.967 "VictorNascm" null
00:27.617 "Andrew-B6" null
00:18.332 "Impulse" null
00:18.795 "KamranVic" null
00:20.165 "TrixieCat" null
00:27.691 "ural-batyr" null
00:20.322 "CmRacer3" null
00:20.738 "trainocate" null
01:22.864 "vimana108" null
00:15.133 "BloatedRacerMan" null
00:14.210 "Blockhasher" null
00:14.065 "Sheldor" null
00:22.198 "alxb" null
00:13.391 "Torval" null
00:16.705 "Numentar" null
00:15.971 "matos-france" null
00:17.323 "5ervant" null
00:16.206 "PaulMR" null
00:20.062 "KITXIX" null
00:14.428 "Ikechukwu" null
00:52.225 "deeplylearned" null
00:12.112 "krishrahul98" null
00:13.707 "Chaldea" null
00:20.339 "yqj" null
00:17.029 "j0rg3B3d" null
00:38.355 "KNiziol" null
00:14.024 "rahuldevelops" null
00:15.413 "Binit" null
00:15.307 "KING" null
00:13.973 "JaiBhim" null
00:13.299 "baka" null
00:15.789 "TonyMarkham" null
00:39.096 "Adam-H" null
00:12.065 "GarbageCar" null
00:14.702 "Jerec" null
00:18.589 "DKotto" null
00:16.503 "MoJoMoon" null
00:19.065 "escanor1996" null
00:14.431 "Rock-it" null
00:13.385 "Ajitesh" null
00:19.271 "mrcly" null
00:11.801 "PabloEsparza" null
00:14.267 "JoeLeyba" null
00:15.797 "TheJJ" null
00:18.703 "BIL" null
00:14.267 "TheRealNigerian" null
00:21.041 "IvanMolto" null
00:11.853 "Chris" null
00:19.507 "evanca" null
00:13.371 "Huyshudu" null
00:17.300 "Shendy" null
00:14.165 "Gradient-Racer" null
00:12.073 "Rvbens" null
00:32.614 "Avada" null
01:18.579 "BradRacer" null
00:14.859 "GummyBear" null
00:11.964 "Letsgo" null
00:13.393 "PlavaMultipla" null
