00:58.899 "JJ" null
01:15.878 "Duckworth" null
02:17.354 "CGS-LargeLattice" null
02:22.805 "Ernesto" null
02:23.965 "kimmizian" null
02:45.486 "ABaykov" null
03:26.562 "Veer" null
04:02.907 "nalbam-me" null
04:22.920 "RichardFan" null
04:32.732 "MING-CHUN" null
04:34.947 "Yxcas-DBS" null
04:36.053 "Merlot" null
04:58.587 "kimwooglae" null
05:01.268 "RunBabyRun" null
05:10.200 "piano" null
05:11.424 "Kire" null
05:12.016 "r3s3t" null
05:16.700 "scottsfirstmodel" null
05:22.255 "PolishThunder" null
05:29.943 "Harikar" null
06:06.320 "Wasabi-DevelopersIO" null
06:17.213 "Hyderabad-2-RRrrr" null
07:01.587 "Jay-Kamtamneni" null
07:29.000 "GT-Racing" null
08:07.298 "Rakesh-Arumalla" null
08:08.297 "Viper" null
08:12.127 "Jsol-Nakase" null
08:14.907 "King" null
08:53.023 "Gabe-Model-2" null
09:16.071 "MIS3B-1" null
09:46.946 "think" null
10:38.167 "Jozef-Mak" null
