00:59.230 "PoChun-NCTU-CGI" null
01:03.902 "JJ" null
01:11.698 "McMurphy" null
01:19.122 "Hyderabad-2-RRrrr" null
01:20.516 "blueberrypie" null
01:21.467 "ep-dr-racer1" null
01:21.754 "JonathanRacer" null
01:24.204 "Ernesto" null
01:25.664 "kimmizian" null
01:27.510 "Duckworth" null
01:29.950 "PolishThunder" null
01:32.943 "S-P-" null
01:37.271 "CGS-LargeLattice" null
01:40.250 "Jianlong-DBS" null
01:41.544 "nalbam-me" null
01:52.150 "Matt" null
01:53.449 "Yxcas-DBS" null
01:55.793 "RogerRabbit" null
01:58.195 "ABaykov" null
02:02.367 "Jochem" null
02:06.346 "RichardFan" null
02:11.767 "Mentaiko-DevelopersIO" null
02:13.988 "Arcjude" null
02:16.512 "Sing-1-Chetak" null
02:22.617 "think" null
02:29.029 "tranvietdung-DBS" null
02:33.601 "Asumi" null
02:35.598 "SK-DENSO" null
02:39.028 "Tracked" null
02:43.083 "Kire" null
02:43.160 "Demo01" null
02:45.668 "n-kaiyugyo" null
02:46.474 "satussy777" null
02:47.122 "Usin" null
02:47.905 "CruzRamirez" null
02:48.002 "Team3D-Internal-Race1" null
02:49.722 "Galileo" null
02:49.742 "EatMyDust" null
02:49.785 "smith" null
02:53.385 "test-race01" null
02:53.452 "RunBabyRun" null
02:55.001 "Veer" null
02:55.684 "Test1-2" null
02:56.159 "TienHoang-DBS" null
02:57.837 "Reddy" null
03:07.375 "BHAcc-Mark1" null
03:08.794 "SnowFlake" null
03:09.830 "IHavenOIdeaWhatIamDoing" null
03:10.625 "onepau" null
03:12.877 "My-First-Deep-Racer" null
03:15.437 "Johnathan" null
03:17.688 "Ryan" null
03:18.906 "dc1" null
03:19.734 "Merlot" null
03:20.713 "WhatDuhHec" null
03:21.486 "Kizashisaki" null
03:21.829 "yuzutea" null
03:22.351 "My-First-League-racer" null
03:30.387 "kimwooglae" null
03:31.040 "MIS3B-1" null
03:33.084 "GG" null
03:33.266 "DBro" null
03:33.458 "MING-CHUN" null
03:34.526 "Smooth-Dan" null
03:34.578 "Kimisaki" null
03:36.359 "BoogieTimeProductions" null
03:39.103 "Viper" null
03:39.173 "piano" null
03:39.694 "Arkantos" null
03:41.176 "r2" null
03:41.774 "zero1962" null
03:42.362 "jpmark1" null
03:42.995 "London-1-Racers" null
03:44.284 "James" null
03:48.180 "Robin-Castro" null
03:49.884 "Adidev" null
03:59.957 "Bernard" null
04:01.797 "Harikar" null
04:02.199 "team-ichibanshibori" null
04:03.448 "AlexandreTedaldi" null
04:03.662 "FastAndFuriousBR" null
04:04.315 "Adam-H" null
04:04.888 "nbz" null
04:05.586 "Pendragon" null
04:05.906 "Rajarao" null
04:08.703 "RR" null
04:09.599 "Wasabi-DevelopersIO" null
04:11.198 "Tabataku" null
04:11.213 "Iraken-Accenture" null
04:11.686 "CarrilanaPPP" null
04:15.028 "r3s3t" null
04:23.872 "infinitif1" null
04:25.057 "tomoya-oka-jpn" null
04:27.007 "SlowTofu" null
04:35.280 "ShimizuWU" null
04:35.577 "WilliamQuick" null
04:38.209 "AbdElrhman-Mohamed" null
04:38.549 "DarkMoon-Race" null
04:39.044 "nulLeeKH" null
04:39.611 "KTalwar" null
