01:31.570 "HydJulyTrial" null
01:41.179 "kimmizian" null
01:51.730 "S-P-" null
02:02.857 "WaveLabCup-test" null
02:06.223 "ABaykov" null
02:20.006 "PolishThunder" null
02:23.706 "Yxcas-DBS" null
02:28.885 "MiLKB" null
02:34.639 "BoogieTimeProductions" null
03:20.251 "CloudCreative" null
03:28.248 "Deepak-dpk" null
04:30.947 "TerryLi-DBS" null
04:55.823 "Arcjude" null
05:26.599 "Nicole" null
05:43.603 "satussy777" null
05:56.993 "xm4n" null
06:01.529 "CjayDeepRacer" null
06:04.447 "Smiky" null
06:12.353 "wayne" null
06:21.179 "MG" null
07:47.110 "StrikeFirstRacing" null
08:02.424 "Deepminds" null
08:03.942 "route66" null
08:13.114 "JJ" null
08:18.793 "shebuilds-deepracer-0003" null
08:34.287 "deep-divers" null
09:15.030 "YesOK" null
