01:19.650 "JJ" null
01:28.596 "TonyJ" null
01:32.862 "Keaton" null
01:36.670 "PolishThunder" null
01:37.812 "DBro" null
01:41.199 "RayG" null
01:41.783 "nero-DNPds" null
01:42.858 "RichardFan" null
01:42.972 "Fumiaki" null
01:44.490 "Robin-Castro" null
01:50.911 "leo-DNPds" null
01:53.066 "think" null
01:53.386 "Lazuli" null
01:54.208 "Taketo" null
01:54.334 "ShibaInu-DevelopersIO" null
01:55.329 "SpeedFreak" null
01:55.783 "nalbam-me" null
01:56.079 "kimwooglae" null
01:56.884 "ABaykov" null
01:59.541 "Kire" null
02:00.090 "BlueDevil" null
02:00.259 "GT-DevelopersIO" null
02:01.396 "Galileo" null
02:02.248 "Hagibis" null
02:08.350 "DriftKings-ET" null
02:08.714 "Mentaiko-DevelopersIO" null
02:10.556 "hiroisojp" null
02:11.684 "MattCamp" null
02:11.917 "Giacomo" null
02:13.182 "Dalyo" null
02:14.408 "Momotaro-DevelopersIO" null
02:15.099 "MING-CHUN" null
02:16.684 "RacingAbeam" null
02:18.944 "megadriver" null
02:23.365 "OneDudeDesign" null
02:25.701 "MinShi" null
02:30.764 "piano" null
02:35.902 "DR-Boong" null
02:42.027 "nalbam-mz" null
02:44.036 "TRS-DR" null
02:44.415 "Karl-NAB" null
02:47.049 "DBroSpeed" null
02:49.778 "Nellak" null
02:56.582 "IVaibhavMalpani" null
03:01.045 "Marco-Buss" null
03:06.675 "Wasabi-DevelopersIO" null
03:09.646 "AlmaWin" null
03:10.880 "Etaggel" null
03:15.445 "BR4M" null
03:28.961 "Merfoulis" null
03:32.045 "ChangsooCap" null
03:32.621 "dartjason" null
03:34.756 "Duckworth" null
03:35.135 "Common-Kingfisher" null
03:35.369 "kdog" null
03:45.209 "maestrodigatto" null
03:45.298 "Adam-H" null
03:51.982 "AbdElrhman-Mohamed" null
03:56.015 "rodzanto" null
03:56.478 "chilmeran" null
04:01.259 "Breadcentric" null
04:04.512 "Romana" null
04:07.142 "BabyBoo" null
04:08.438 "DodolGarut" null
04:12.142 "Dizzurp" null
04:12.774 "Nicole" null
04:14.564 "Soothsayer" null
04:15.471 "bigfella" null
04:15.573 "ZivHsu" null
04:15.675 "JasonLian" null
04:17.060 "trainocate" null
04:19.729 "SKModel" null
04:23.051 "SuperKat" null
04:32.496 "Tom-Morrow-Racer" null
04:39.257 "zappypig" null
04:56.379 "FairAndBalanced2020" null
04:59.505 "RickyBobbyBowden" null
05:06.512 "IC" null
05:07.494 "cruise-aiders" null
05:10.823 "HH" null
05:15.930 "Rakesh-Arumalla" null
05:16.594 "Melissa" null
05:20.427 "NicoleRace" null
05:27.410 "sola-salon18" null
05:30.841 "MMeffert" null
05:32.045 "SK-DENSO" null
05:34.256 "asdf" null
05:36.425 "yousufpesh" null
05:40.491 "BSi" null
05:44.051 "SurajP" null
05:49.868 "Tromax" null
05:59.129 "shamilin" null
06:01.349 "WildCat" null
06:08.886 "MyNameTaken" null
06:11.926 "GummyBear" null
06:12.970 "CruzRamirez" null
06:15.996 "Ray" null
06:22.816 "gogogoner" null
06:23.946 "smapler" null
06:24.105 "Edelweiss" null
