00:42.393 "JJ" null
00:45.026 "TonyJ" null
00:45.882 "Fumiaki" null
00:50.060 "Keaton" null
00:50.334 "dartjason" null
00:50.553 "RayG" null
00:51.757 "ShibaInu-DevelopersIO" null
00:52.372 "PolishThunder" null
00:52.540 "Robin-Castro" null
00:54.460 "DBro" null
00:55.674 "Hagibis" null
00:55.688 "GT-DevelopersIO" null
00:55.892 "Galileo" null
00:56.016 "Duckworth" null
00:56.089 "Jochem" null
00:56.237 "nero-DNPds" null
00:56.968 "DriftKings-ET" null
00:58.041 "ABaykov" null
00:58.817 "TRS-DR" null
00:58.928 "RichardFan" null
00:59.149 "Karl-NAB" null
00:59.637 "Kire" null
00:59.828 "nalbam-me" null
00:59.972 "Dalyo" null
01:00.098 "OneDudeDesign" null
01:00.461 "ChangsooCap" null
01:00.548 "think" null
01:00.591 "kimwooglae" null
01:01.200 "TimothyTan" null
01:02.128 "MING-CHUN" null
01:03.037 "Lazuli" null
01:04.322 "Taketo" null
01:04.527 "RomanKoles" null
01:04.584 "MinShi" null
01:05.215 "Momotaro-DevelopersIO" null
01:05.514 "Mentaiko-DevelopersIO" null
01:06.511 "Jerec" null
01:06.872 "ARISE-DRC" null
01:07.915 "muzi" null
01:08.230 "chilmeran" null
01:08.623 "BR4M" null
01:09.476 "hiroisojp" null
01:10.969 "RacingAbeam" null
01:12.507 "DarkChocolate" null
01:12.902 "UNO-DENSO" null
01:13.310 "nalbam-mz" null
01:13.658 "Roxies-Racer" null
01:13.684 "satussy777" null
01:14.366 "stupidModel" null
01:14.403 "DR-Boong" null
01:14.659 "evanca" null
01:15.015 "Giacomo" null
01:15.136 "Adam-H" null
01:15.331 "NTHU-elsalab" null
01:16.013 "MattCamp" null
01:16.131 "Ted" null
01:16.355 "megadriver" null
01:16.383 "Joffe-Cybercom" null
01:16.566 "Garage-ISEP" null
01:17.303 "DTNDeepRacer" null
01:17.354 "leo-DNPds" null
01:18.438 "Levvel" null
01:18.676 "acn-torchcar-msasaki-01" null
01:19.075 "Lilou-2" null
01:19.378 "piano" null
01:19.437 "JamesPeru" null
01:19.451 "BlueLithium" null
01:20.136 "TeamMadison" null
01:20.165 "RunBabyRun" null
01:20.400 "Mano" null
01:20.415 "PaulMR" null
01:20.453 "YUTAM-DENSO" null
01:22.396 "PCI" null
01:22.548 "LastManStanding" null
01:22.594 "AlmaWin" null
01:22.841 "yhzz" null
01:22.962 "Kit" null
01:23.292 "unbelievable-machine" null
01:23.513 "Tom-Morrow-Racer" null
01:23.842 "Myplanet-Rogue-One" null
01:23.911 "lincrea" null
01:24.209 "IVaibhavMalpani" null
01:24.642 "blueberryUltraDuo" null
01:24.740 "skanumuri" null
01:24.846 "2nd" null
01:25.538 "TBK" null
01:26.276 "bigfella" null
01:26.357 "Fast-and-Curious" null
01:26.465 "HUNMR" null
01:26.508 "AbdElrhman-Mohamed" null
01:26.659 "mura" null
01:26.969 "CRMRacer" null
01:27.626 "ManojSwasaka" null
01:27.959 "Alfcanada" null
01:27.959 "TigerRelativistas" null
01:27.977 "TinoMustang" null
01:28.286 "monaou-idousitai" null
01:28.452 "chanathunder" null
01:28.755 "MyFirstDeepRacerChallenge" null
01:29.216 "D19" null
