00:50.769 "JJ" null
00:57.381 "RichardFan" null
01:00.361 "leo-DNPds" null
01:00.384 "RayG" null
01:01.756 "Hagibis" null
01:01.764 "Robin-Castro" null
01:11.552 "Lazuli" null
01:12.517 "Fumiaki" null
01:13.993 "ABaykov" null
01:24.050 "nalbam-me" null
01:24.790 "Taketo" null
01:27.352 "Keaton" null
01:29.805 "DBro" null
01:33.636 "nero-DNPds" null
01:37.678 "kimwooglae" null
01:45.804 "MING-CHUN" null
01:52.845 "piano" null
01:56.233 "Kire" null
01:59.568 "Galileo" null
02:00.974 "Giacomo" null
02:14.561 "Mentaiko-DevelopersIO" null
02:19.241 "chilmeran" null
02:21.654 "hiroisojp" null
02:21.992 "GT-DevelopersIO" null
02:25.912 "think" null
02:27.617 "Merfoulis" null
02:27.758 "Momotaro-DevelopersIO" null
02:28.104 "TonyJ" null
02:34.694 "ShibaInu-DevelopersIO" null
02:35.866 "PolishThunder" null
02:37.445 "DriftKings-ET" null
02:46.524 "Wasabi-DevelopersIO" null
02:47.769 "RacingAbeam" null
02:52.626 "megadriver" null
02:54.679 "ARISE-DRC" null
02:55.161 "Karl-NAB" null
03:00.698 "Dalyo" null
03:11.248 "maestrodigatto" null
03:11.567 "Nellak" null
03:13.386 "Driver-Sama" null
03:18.311 "OneDudeDesign" null
03:18.927 "MinShi" null
03:20.506 "Tom-Morrow-Racer" null
03:21.254 "AlmaWin" null
03:27.260 "SK-DENSO" null
03:31.166 "dartjason" null
03:36.157 "Breadcentric" null
03:40.212 "Adam-H" null
03:45.915 "ChangsooCap" null
03:46.277 "MattCamp" null
04:07.936 "AbdElrhman-Mohamed" null
04:19.620 "TRS-DR" null
04:23.749 "Wex-DLAI" null
04:25.451 "GPST1" null
04:25.669 "DodolGarut" null
04:48.909 "Common-Kingfisher" null
04:53.305 "BabyBoo" null
04:58.112 "Duckworth" null
05:05.330 "Etaggel" null
05:10.592 "InternalRace" null
05:12.077 "Rakesh-Arumalla" null
05:12.421 "Soothsayer" null
05:14.395 "gigi" null
05:15.100 "trainocate" null
05:16.207 "sola-salon18" null
05:25.843 "JasonLian" null
05:38.355 "Romana" null
05:41.341 "ZivHsu" null
05:52.280 "RomanKoles" null
06:03.286 "rodzanto" null
06:10.631 "Dizzurp" null
06:11.089 "DR-Boong" null
06:19.586 "Nicole" null
06:21.945 "UNO-DENSO" null
06:24.643 "IVaibhavMalpani" null
06:27.713 "bigfella" null
06:35.189 "HH" null
06:49.469 "SurajP" null
06:55.900 "nalbam-mz" null
07:03.762 "Shymon" null
07:06.889 "kimbring2" null
07:28.255 "sawa" null
07:29.550 "MMeffert" null
07:45.292 "Melissa" null
07:45.697 "Ray" null
07:51.234 "Edelweiss" null
07:52.066 "kdog" null
07:52.230 "Lancer" null
07:55.399 "predictor" null
09:19.813 "testA" null
09:23.325 "Barbossa" null
09:30.088 "BSi" null
09:48.333 "Chien" null
10:04.537 "Tromax" null
10:11.408 "gogogoner" null
11:46.795 "IC" null
12:41.130 "MyNameTaken" null
