01:21.134 "PoChun-NCTU-CGI" null
01:25.698 "JJ" null
01:33.255 "OneDudeDesign" null
01:49.959 "Ernesto" null
01:53.679 "Yeti" null
01:54.561 "gigi-DNPds" null
01:59.318 "nero-DNPds" null
02:00.105 "Yxcas-DBS" null
02:04.589 "Duckworth" null
02:05.260 "nalbam-me" null
02:07.225 "kimmizian" null
02:14.989 "ABaykov" null
02:17.377 "IcePandaBoom" null
02:26.892 "Penguin-DNPds" null
02:28.390 "kimwooglae" null
02:28.698 "Garage-ISEP" null
02:31.785 "think" null
02:31.845 "Galileo" null
02:34.482 "Kuei-NCTU-CGI" null
02:39.195 "Asumi" null
02:40.573 "sndyJPMC" null
02:41.849 "MING-CHUN" null
02:46.215 "mayurmadnani" null
02:46.501 "RunBabyRun" null
02:52.367 "Groovy-DNPds" null
02:57.171 "Kire" null
02:59.051 "Wasabi-DevelopersIO" null
02:59.750 "DSW5KOR" null
03:01.619 "PolishThunder" null
03:09.270 "RichardFan" null
03:09.394 "sola-salon18" null
03:10.767 "GDMSDeepRacerRI-1" null
03:12.186 "piano" null
03:16.407 "JPMC-Bmth-02" null
03:18.592 "nguynws" null
03:25.820 "AM730" null
03:26.188 "onepau" null
03:42.467 "Sourav-DBS" null
03:42.501 "HarshalM" null
03:42.601 "Momotaro-DevelopersIO" null
03:43.112 "onlythree" null
03:51.870 "DarkChocolate" null
03:51.909 "Adam-H" null
03:53.494 "Matt" null
03:56.291 "KasztP" null
04:02.008 "bunny" null
04:13.639 "Shashi" null
04:21.675 "GT-Racing" null
04:30.469 "BlackInterceptor-of-OZ" null
04:32.880 "exterior-muzzle" null
04:38.695 "Merfoulis" null
04:49.506 "Vasilisk" null
04:51.677 "kfirachen2020summitRacer" null
04:52.346 "TARS" null
05:01.750 "Rakesh-Arumalla" null
05:04.056 "CruzRamirez" null
05:04.237 "Nicole" null
05:16.113 "messi" null
05:17.777 "Sam-xtream" null
05:20.242 "RaviPrakash-DBS" null
05:20.374 "SAM" null
05:28.627 "EvaMod1" null
05:46.983 "hoomy-DDSds" null
05:51.820 "speedIsAName" null
05:55.682 "xiaoxdTest" null
06:05.892 "yui" null
06:07.443 "jiyeokan" null
06:16.541 "test-defo-15" null
06:18.047 "MyNameTaken" null
06:33.987 "Ironman-DBS" null
06:48.209 "s1thind" null
06:49.117 "Loser" null
07:07.826 "SMYKsMagicBullet" null
07:20.959 "Rahul-racer2" null
07:44.278 "satussy777" null
07:45.524 "christopher-alexarestrepo25" null
07:48.232 "Tarun99" null
07:54.649 "rake1" null
07:54.983 "spartan0" null
08:18.162 "squat" null
08:21.454 "PCI" null
08:21.463 "firnnauriel" null
08:43.108 "GT-R" null
08:54.940 "nb1" null
09:08.248 "rubbish" null
09:12.231 "SpeedRacer69" null
09:21.353 "AA-Team-DeepRacer" null
09:27.537 "Red-Cow-Rally-Team" null
09:37.727 "YMZK-DENSO" null
10:12.643 "teklo-tekloerlandson" null
10:54.689 "Venkatesh" null
10:56.768 "graham0119-race" null
10:58.584 "speedgodjj" null
11:55.186 "Hamilton" null
