01:08.836 "ShaoXiong-NCTU-CGI" null
01:10.261 "JJ" null
01:27.703 "Yeti" null
01:27.767 "Duckworth" null
01:50.364 "Yxcas-DBS" null
01:58.129 "gigi-DNPds" null
02:02.376 "nero-DNPds" null
02:11.606 "OneDudeDesign" null
02:21.902 "Penguin-DNPds" null
02:35.248 "MING-CHUN" null
02:39.326 "Asumi" null
02:46.990 "ABaykov" null
02:47.724 "Wasabi-DevelopersIO" null
02:51.414 "Groovy-DNPds" null
02:57.583 "nalbam-me" null
03:13.938 "mayurmadnani" null
03:17.249 "PolishThunder" null
03:20.173 "test-race01" null
03:25.359 "GDMSDeepRacerRI-1" null
03:31.356 "Galileo" null
03:42.589 "RunBabyRun" null
03:43.815 "IcePandaBoom" null
03:45.431 "kimmizian" null
03:50.029 "nguynws" null
03:50.862 "sola-salon18" null
03:54.354 "Matt" null
03:55.124 "RichardFan" null
03:59.890 "kimwooglae" null
04:02.144 "piano" null
04:09.236 "DarkChocolate" null
04:13.530 "Rakesh-Arumalla" null
04:21.820 "JustPureVelocity" null
04:22.838 "AM730" null
04:34.005 "onlythree" null
04:46.676 "Kire" null
05:03.716 "RRacer" null
05:06.623 "Sourav-DBS" null
05:19.827 "Merfoulis" null
05:25.121 "exterior-muzzle" null
05:32.982 "think" null
05:44.528 "Sam-xtream" null
05:48.836 "onepau" null
05:58.983 "GT-Racing" null
06:00.716 "bunny" null
06:04.784 "sndyJPMC" null
06:15.067 "devcon2020-spch" null
06:16.441 "KasztP" null
06:21.809 "MyNameTaken" null
06:24.281 "kfirachen2020summitRacer" null
06:42.339 "j0708" null
06:45.006 "Shashi" null
07:08.551 "s1thind" null
07:22.062 "SharpHeart" null
07:23.658 "SMYKsMagicBullet" null
07:35.935 "jiyeokan" null
07:56.439 "dbs" null
07:58.983 "TestSG" null
08:23.041 "Cyan-Jackal-59" null
08:36.523 "RayW" null
08:59.261 "Soorya-santhisridharan" null
09:14.004 "yui" null
09:14.766 "DSW5KOR" null
09:26.928 "ScottMv" null
09:39.209 "wclow-trial-01" null
09:42.903 "christopher-alexarestrepo25" null
09:44.390 "202007170147" null
09:45.921 "HarshalM" null
09:46.633 "Chaitra-giftedninjabee" null
10:15.225 "AA-Team-DeepRacer" null
10:31.999 "rake1" null
10:52.715 "nine9" null
11:58.110 "deeplin" null
12:36.493 "Tarun99" null
13:33.337 "firnnauriel" null
