01:04.698 "ChihYu-NCTU-CGI" null
01:05.956 "JJ" null
01:14.962 "Fumiaki" null
01:15.886 "OneDudeDesign" null
01:17.423 "Duckworth" null
01:18.636 "alexj" null
01:27.359 "IcePandaBoom" null
01:34.211 "Airborne" null
01:36.575 "Yxcas-DBS" null
01:37.104 "kimmizian" null
01:37.838 "JPMC-London-04" null
01:39.929 "Mentaiko-DevelopersIO" null
01:40.909 "Garage-ISEP" null
01:42.044 "gigi-DNPds" null
01:42.311 "Ernesto" null
01:44.908 "ABaykov" null
01:46.782 "nero-DNPds" null
01:50.833 "Penguin-DNPds" null
01:51.227 "VaughanDiesel" null
01:51.759 "nalbam-me" null
01:55.310 "TheFishFactory" null
01:55.430 "Mainak-Ghosh" null
01:57.580 "Translucent-Chachalaca-62" null
01:59.450 "JPMC-London-03" null
02:00.865 "ShaoXiong-NCTU-CGI" null
02:04.282 "BL334" null
02:04.440 "voyager-DNPds" null
02:08.167 "DANKracer3" null
02:10.142 "Galileo" null
02:10.510 "DarkChocolate" null
02:11.421 "FRacer" null
02:11.905 "Yeti" null
02:12.482 "BlueLithium" null
02:12.510 "kimwooglae" null
02:12.738 "Ayrton" null
02:14.757 "RunBabyRun" null
02:15.257 "mellowmonk" null
02:15.992 "Asumi" null
02:16.124 "onepau" null
02:16.308 "Abhay-s64502429" null
02:16.588 "PolishThunder" null
02:17.856 "Matt" null
02:19.117 "think" null
02:20.165 "atnmn635309" null
02:21.021 "DSW5KOR" null
02:22.036 "muzi" null
02:23.413 "JPMC-Bmth-02" null
02:23.556 "Wasabi-DevelopersIO" null
02:24.199 "VipinMiglaniSB" null
02:26.894 "My-First-Deep-Racer" null
02:28.900 "mayurmadnani" null
02:30.272 "Kire" null
02:30.680 "wlkxc" null
02:31.949 "sawa" null
02:32.761 "sndyJPMC" null
02:33.242 "MING-CHUN" null
02:33.739 "nb1" null
02:36.750 "GDMSDeepRacerRI-1" null
02:37.854 "Groovy-DNPds" null
02:38.621 "NLMaas" null
02:38.875 "Beautiful-Dream" null
02:40.877 "CaliSchwiizer" null
02:41.113 "IVIVI" null
02:41.969 "Momotaro-DevelopersIO" null
02:42.236 "IndRacer" null
02:43.039 "JustPureVelocity" null
02:44.099 "Dolphin-DNPds" null
02:44.424 "JonathanRacer" null
02:45.633 "AM730" null
02:46.015 "uemurv" null
02:49.973 "McLaren" null
02:51.423 "RichardFan" null
02:51.648 "masaminh" null
02:52.440 "suedough" null
02:53.680 "gt40" null
02:54.139 "Johncalu" null
02:54.725 "wlliann" null
02:54.845 "Armaan-armaansharma597" null
02:55.573 "nine9" null
02:57.857 "aga-suit" null
02:57.908 "N-Hiro" null
02:58.306 "sola-salon18" null
03:00.459 "MrRacer24" null
03:00.673 "Deepak-dpk" null
03:04.394 "DanielRicciardo" null
03:05.040 "CloudCreative" null
03:05.102 "raghav-csk" null
03:05.743 "Soorya-santhisridharan" null
03:07.755 "Observant-Dogfish-53" null
03:08.819 "Simple-Quoll-04" null
03:09.406 "Merfoulis" null
03:09.809 "HungryHorace" null
03:09.896 "piano" null
03:11.767 "Polaris-DNPds" null
03:12.271 "Shed-Racer" null
03:12.367 "nguynws" null
03:14.496 "Katelynrace" null
03:17.996 "Dallas-DeepRacer-SB3" null
03:19.551 "AS-BATMAN" null
03:20.017 "TigerSpeed2" null
