00:23.005 "JJ" null
00:23.664 "Karl-NAB" null
00:25.069 "Granville777" null
00:25.301 "PolishThunder" null
00:25.303 "flatearth" null
00:25.335 "OneDudeDesign" null
00:25.704 "Ernesto" null
00:26.438 "Yeti" null
00:26.554 "X-DENSO" null
00:26.830 "WenwenPon" null
00:27.111 "kimmizian" null
00:27.236 "Duckworth" null
00:27.593 "Yxcas-DBS" null
00:27.700 "Cindy-DBS" null
00:27.814 "MiLKB" null
00:28.040 "IcePandaBoom" null
00:28.077 "Rogue-DBS" null
00:28.299 "UNO-DENSO" null
00:28.388 "Garage-ISEP" null
00:28.403 "BlueDevil" null
00:28.837 "Joffe" null
00:28.885 "SpeedFreak" null
00:28.986 "svenus" null
00:29.244 "JonathanRacer" null
00:29.256 "ShinyThings-DBS" null
00:29.267 "Fumiaki" null
00:29.378 "Smiles93" null
00:30.024 "alexj" null
00:30.371 "YMZK-DENSO" null
00:30.474 "Wings" null
00:30.598 "Arcjude" null
00:31.111 "HarinWu" null
00:31.150 "json" null
00:31.192 "YUTAM-DENSO" null
00:31.237 "Jerec" null
00:31.354 "Brandonywl" null
00:31.430 "ABaykov" null
00:31.431 "Z4" null
00:31.716 "nero-DNPds" null
00:31.864 "Chun" null
00:32.066 "jellyTunaSalad" null
00:32.303 "MING-CHUN" null
00:32.784 "mayurmadnani" null
00:33.111 "yui" null
00:33.317 "poo" null
00:33.460 "atnmn635309" null
00:33.709 "JPMC-Bmth-02" null
00:33.814 "cfwong" null
00:33.836 "uemurv" null
00:34.029 "hiroisojp" null
00:34.311 "Qinlin" null
00:34.357 "BL334" null
00:34.496 "BeAn-VNN" null
00:34.518 "Tarun99" null
00:34.920 "Penguin-DNPds" null
00:34.936 "Matt" null
00:35.087 "kito-DNPds" null
00:35.426 "kimwooglae" null
00:35.454 "GummyBear" null
00:35.580 "piano" null
00:35.952 "Venkatesh" null
00:36.329 "nalbam-me" null
00:36.461 "Lina" null
00:36.663 "JPMC-London-03" null
00:36.677 "Aurora-DNPds" null
00:36.913 "think" null
00:36.999 "Jackandwho" null
00:37.020 "s1thind" null
00:37.550 "voyager-DNPds" null
00:37.718 "Sid-AABG" null
00:38.308 "satussy777" null
00:38.529 "CuBinh-VNN" null
00:39.007 "SK-DENSO" null
00:39.079 "PR0" null
00:39.535 "sndyJPMC" null
00:39.572 "Sai-Lancelot" null
00:39.627 "Merfoulis" null
00:39.707 "KevinS" null
00:39.771 "nine9" null
00:40.062 "Deepak-dpk" null
00:40.317 "NgDinhNha400" null
00:40.581 "AnBinh-VNN" null
00:40.600 "onlythree" null
00:41.258 "BSi" null
00:41.369 "TheFishFactory" null
00:41.506 "Simple-Quoll-04" null
00:41.932 "hab" null
00:42.286 "Sundar-DBS" null
00:42.506 "Beautiful-Dream" null
00:42.801 "Kaichen-haoliu2" null
00:42.839 "Kire" null
00:43.020 "HKC2EBasic" null
00:43.024 "pj" null
00:43.695 "oscar" null
00:43.846 "Dolphin-DNPds" null
00:43.981 "Groovy-DNPds" null
00:44.266 "YMG-DNPds" null
00:44.647 "FCgt" null
00:44.705 "Francisco-Fl" null
00:44.728 "Airborne" null
