00:24.991 "JJ" null
00:31.141 "PolishThunder" null
00:34.638 "Karl-NAB" null
00:35.534 "Ernesto" null
00:35.579 "OneDudeDesign" null
00:39.138 "MiLKB" null
00:40.470 "Yeti" null
00:40.553 "flatearth" null
00:41.052 "Rogue-DBS" null
00:42.666 "nero-DNPds" null
00:43.743 "Fumiaki" null
00:44.320 "Jianlong-DBS" null
00:44.551 "Yxcas-DBS" null
00:45.703 "json" null
00:46.856 "Jackandwho" null
00:46.904 "onlythree" null
00:47.851 "X-DENSO" null
00:49.039 "YMZK-DENSO" null
00:49.945 "kimmizian" null
00:50.173 "nalbam-me" null
00:50.401 "think" null
00:50.849 "Tarun99" null
00:51.451 "yui" null
00:53.142 "ABaykov" null
00:53.152 "Venkatesh" null
00:53.525 "mayurmadnani" null
00:53.725 "EngChi" null
00:54.233 "Wings" null
00:54.460 "Arcjude" null
00:54.874 "UNO-DENSO" null
00:55.310 "Cindy-DBS" null
00:56.631 "Chun" null
00:58.231 "Smiles93" null
00:58.246 "Duckworth" null
00:58.653 "piano" null
00:58.773 "poo" null
01:00.807 "Groovy-DNPds" null
01:00.900 "TARS" null
01:01.293 "Qinlin" null
01:02.350 "WenwenPon" null
01:02.815 "Garage-ISEP" null
01:04.333 "hiroisojp" null
01:04.418 "Asumi" null
01:04.585 "Kire" null
01:05.081 "kimwooglae" null
01:07.997 "pj" null
01:08.316 "Penguin-DNPds" null
01:10.048 "IcePandaBoom" null
01:11.862 "Matt" null
01:15.580 "DeepLock-RaceMgr" null
01:17.811 "s1thind" null
01:18.542 "Merfoulis" null
01:18.848 "satussy777" null
01:19.375 "oscar" null
01:19.500 "JonathanRacer" null
01:19.659 "Loser" null
01:19.823 "NOWUCME" null
01:20.120 "Lina" null
01:21.052 "Z4" null
01:21.354 "jiyeokan" null
01:22.115 "HarinWu" null
01:22.847 "YUTAM-DENSO" null
01:22.951 "nine9" null
01:23.183 "sasuke" null
01:23.670 "Deepak-dpk" null
01:24.368 "Sourav-DBS" null
01:24.668 "william-IVE-Cloud" null
01:25.110 "Wasabi-DevelopersIO" null
01:26.314 "SAM" null
01:26.627 "AM730" null
01:30.128 "KasztP" null
01:30.163 "Sid-AABG" null
01:30.915 "Adam-H" null
01:31.145 "SK-DENSO" null
01:33.382 "Kan" null
01:34.078 "DaNangCoLen" null
01:35.283 "mssalvadk-DBS" null
01:35.372 "sndyJPMC" null
01:35.530 "Bablu" null
01:36.794 "typeR" null
01:37.986 "Dolphin-DNPds" null
01:39.831 "BeAn-VNN" null
01:40.450 "hoomy-DDSds" null
01:41.082 "Java" null
01:41.116 "Red-Cow-Rally-Team" null
01:43.171 "xiaoxdTest" null
01:44.374 "felix-felixSpeedy" null
01:45.883 "GummyBear" null
01:47.211 "AnBinh-VNN" null
01:47.438 "JustPureVelocity" null
01:48.459 "hab" null
01:49.306 "Granville777" null
01:49.847 "Momotaro-DevelopersIO" null
01:50.132 "CruzRamirez" null
01:52.025 "HarshalM" null
01:52.355 "exterior-muzzle" null
01:52.827 "DSW5KOR" null
01:53.243 "Rakesh-Arumalla" null
01:53.294 "SpeedForce" null
01:55.848 "CuBinh-VNN" null
