01:06.531 "Duckworth" null
01:41.449 "WaveLabCup-test" null
01:57.947 "Yeti" null
02:02.682 "kimmizian" null
02:04.622 "Penguin-DNPds" null
02:15.284 "OneDudeDesign" null
02:17.176 "PolishThunder" null
02:18.321 "tranvietdung-DBS" null
02:20.235 "ABaykov" null
02:24.431 "TienHoang-DBS" null
02:28.729 "mayurmadnani" null
02:35.054 "Kire" null
02:46.118 "sasagawa-SEC" null
02:47.579 "Tabataku" null
02:53.724 "Jsol-Nakase" null
02:53.912 "Adam-H" null
02:56.532 "kimwooglae" null
03:04.245 "RunBabyRun" null
03:07.672 "ThumbOrDummy" null
03:07.703 "OscarIVECloud" null
03:12.188 "AM730" null
03:16.760 "Test1-2" null
03:22.020 "MING-CHUN" null
03:22.635 "CloudCreative" null
03:28.261 "ishizaki-SEC" null
03:32.676 "zl-ong" null
03:33.191 "nbz" null
03:42.630 "test-race01" null
03:47.364 "kawatakzk-practice-01" null
03:49.702 "Ruddy" null
03:52.198 "MIS3B-1" null
03:56.280 "think" null
03:56.909 "nalbam-me" null
04:04.631 "mani-20200420-01" null
04:16.917 "YMZK-DENSO" null
04:23.136 "team-ichibanshibori" null
04:25.827 "Rakesh-Arumalla" null
04:42.799 "GT-Racing" null
04:45.108 "piano" null
04:51.764 "hashimoto-SEC" null
05:00.022 "DarkChocolate" null
05:11.479 "Shiv" null
05:12.853 "Test01-azusawa-001" null
05:48.854 "Kurosaki" null
06:14.172 "TheresAStackOfFreshlyMadeWafflesInTheMiddleOfTheForest" null
06:36.871 "Personalee" null
06:37.218 "My-First-Deep-Racer" null
06:55.930 "Claret" null
07:29.356 "SMYKsMagicBullet" null
08:52.609 "Usin" null
09:13.963 "Sakthi-DBS" null
12:40.099 "Kolaisaac10" null
15:13.665 "sairam" null
