00:46.921 "JJ" null
00:47.037 "ChihYu-NCTU-CGI" null
00:48.487 "Fumiaki" null
00:50.227 "Karl-NAB" null
00:51.384 "Duckworth" null
00:51.672 "kimmizian" null
00:51.715 "OneDudeDesign" null
00:53.680 "IcePandaBoom" null
00:54.023 "FRacer" null
00:54.166 "Cindy-DBS" null
00:55.491 "MiLKB" null
00:55.916 "alexj" null
00:56.203 "JPMC-London-03" null
01:00.664 "Ernesto" null
01:00.753 "yhtan" null
01:01.136 "Deepak-dpk" null
01:01.373 "UNO-DENSO" null
01:01.649 "PolishThunder" null
01:02.480 "UncleGK-DBS" null
01:03.146 "Yxcas-DBS" null
01:05.010 "JonathanRacer" null
01:05.228 "TienHoang-DBS" null
01:06.950 "haikal-DBS" null
01:08.312 "JPMC-Bmth-02" null
01:10.103 "Mars" null
01:10.217 "Matt" null
01:12.600 "ishizaki-SEC" null
01:13.345 "ABaykov" null
01:13.948 "sasagawa-SEC" null
01:13.962 "cho-SEC" null
01:14.298 "komine-SEC" null
01:14.568 "JPMC-London-04" null
01:14.701 "Yeti" null
01:14.841 "TheGoddessOfSpeed" null
01:15.510 "DBro" null
01:15.814 "Beautiful-Dream" null
01:16.463 "Airborne" null
01:16.924 "LLT" null
01:17.114 "RogerV1" null
01:17.929 "FTSuan-DBS" null
01:18.166 "tranvietdung-DBS" null
01:18.582 "VipinMiglaniSB" null
01:20.567 "MiniMindQueenRacing" null
01:21.542 "mayurmadnani" null
01:22.425 "nalbam-me" null
01:22.845 "OscarIVECloud" null
01:23.471 "Penguin-DNPds" null
01:24.568 "sawa" null
01:25.340 "Kire" null
01:27.121 "SpeedForce" null
01:27.381 "ShivashishBorah" null
01:27.964 "MOROCAR" null
01:28.863 "DarkChocolate" null
01:29.557 "lone-wolf-1" null
01:29.602 "Scarlet" null
01:30.958 "JQ-KMITL-RAI" null
01:31.265 "SameSameJ-KMITL-RAI" null
01:31.267 "D4N5-Albert" null
01:31.529 "happyTimmy-001" null
01:32.314 "takagi-SEC" null
01:33.504 "MiniMindSpeedy" null
01:34.062 "lone-wolf-0002" null
01:34.371 "muzi" null
01:34.564 "UnsafeAtAnySpeed" null
01:34.792 "TaylerUva" null
01:35.120 "Velvet" null
01:35.304 "QueenMindy" null
01:36.724 "kimwooglae" null
01:37.342 "asada-SEC" null
01:37.908 "Minimindmind" null
01:38.136 "Trinity" null
01:38.460 "Kurosaki" null
01:39.373 "GAO" null
01:39.973 "TEAMMCMILLION" null
01:40.511 "Razr" null
01:40.717 "BeyondJJ" null
01:40.773 "Galileo" null
01:41.192 "Jozef-Mak" null
01:41.314 "SapthagiriCollegeOfEngineeringBengaluru" null
01:41.342 "Francisco-Fl" null
01:41.585 "think" null
01:41.825 "TheFishFactory" null
01:42.197 "Sophon-PWY" null
01:42.215 "Velomobile" null
01:42.310 "voyager-DNPds" null
01:42.436 "BoogieTimeProductions" null
01:42.614 "The-Wheels-Promise-4" null
01:42.670 "Adam-H" null
01:42.749 "YODA" null
01:42.952 "miaomiaomiao" null
01:43.532 "savageTimmy-V4" null
01:43.758 "KikakuTeamA" null
01:43.770 "mssalvadk-DBS" null
01:44.029 "nine9" null
01:44.504 "Team-Awesome" null
01:44.512 "REAGroupAsia" null
01:44.815 "BikerSardinesFromEdinburgh" null
01:45.343 "sndyJPMC" null
01:45.514 "Hobey" null
01:45.727 "CODEGYM" null
