00:57.328 "PoChun-NCTU-CGI" null
01:03.087 "JJ" null
01:05.602 "MiLKB" null
01:05.788 "OneDudeDesign" null
01:07.006 "kimmizian" null
01:16.778 "Duckworth" null
01:20.080 "IcePandaBoom" null
01:20.094 "Kuei-NCTU-CGI" null
01:21.200 "PolishThunder" null
01:33.134 "Cindy-DBS" null
01:33.987 "TienHoang-DBS" null
01:34.850 "tranvietdung-DBS" null
01:36.475 "JPMC-London-03" null
01:37.001 "Yeti" null
01:37.823 "ABaykov" null
01:37.884 "DBro" null
01:42.996 "Matt" null
01:43.294 "nalbam-me" null
01:44.225 "mayurmadnani" null
01:47.217 "JonathanRacer" null
01:48.258 "cho-SEC" null
01:49.586 "Penguin-DNPds" null
01:55.890 "SpeedForce" null
02:01.319 "Deepak-dpk" null
02:03.291 "nine9" null
02:04.120 "DarkChocolate" null
02:05.380 "think" null
02:05.437 "Kurosaki" null
02:05.456 "Adam-H" null
02:05.661 "MING-CHUN" null
02:06.695 "Galileo" null
02:07.212 "hoomy-DDSds" null
02:07.774 "Asumi" null
02:08.486 "sasagawa-SEC" null
02:08.743 "RunBabyRun" null
02:09.696 "sndyJPMC" null
02:10.438 "ishizaki-SEC" null
02:10.559 "OscarIVECloud" null
02:12.277 "UncleGK-DBS" null
02:13.134 "AM730" null
02:14.557 "Kire" null
02:16.396 "komine-SEC" null
02:21.455 "kimwooglae" null
02:21.762 "BOL" null
02:24.227 "CruzRamirez" null
02:24.886 "Jozef-Mak" null
02:26.249 "asada-SEC" null
02:28.037 "Groovy-DNPds" null
02:28.120 "Trinity" null
02:28.741 "CloudCreative" null
02:29.235 "s1thind" null
02:31.485 "Scarlet" null
02:31.601 "SK-DENSO" null
02:34.263 "piano" null
02:36.657 "Merfoulis" null
02:37.151 "SapthagiriCollegeOfEngineeringBengaluru" null
02:37.873 "Lina" null
02:38.726 "team-ichibanshibori" null
02:40.110 "Wasabi-DevelopersIO" null
02:40.929 "KasztP" null
02:42.745 "GT-Racing" null
02:42.981 "evapag" null
02:42.981 "wss23" null
02:45.174 "jiyeokan" null
02:46.035 "exterior-muzzle" null
02:47.450 "BeJP-ChaseR" null
02:49.859 "PCI" null
02:53.129 "NooN-KMITL1034" null
02:53.880 "MIS3B-1" null
02:54.191 "My-First-Deep-Racer" null
02:58.665 "ShivashishBorah" null
03:02.513 "GAO" null
03:02.849 "SMYKsMagicBullet" null
03:11.105 "RichardFan" null
03:13.739 "onlythree" null
03:17.749 "Chun" null
03:18.083 "while-true-" null
03:21.248 "onepau" null
03:32.800 "Nopthakorn" null
03:34.505 "Kolaisaac10" null
03:34.626 "Vasilisk" null
03:38.052 "HarshalM" null
03:38.707 "AIrtonSenna" null
03:39.156 "r00t" null
03:40.962 "william-IVE-Cloud" null
03:50.393 "McMuz70" null
03:56.560 "Jun" null
04:08.175 "BruteForce" null
04:11.778 "msckrishna" null
04:14.779 "xujun" null
04:20.705 "djthecarguy" null
04:29.484 "Rakesh-Arumalla" null
04:46.267 "Oo7oO" null
04:52.790 "jooms" null
04:57.317 "yap69" null
05:00.421 "Shiv" null
05:16.934 "Sample" null
05:19.531 "Lil-Romy" null
05:30.760 "CuBinh-VNN" null
05:33.795 "Boldmoon" null
