00:48.516 "ShaoXiong-NCTU-CGI" null
00:49.344 "JJ" null
00:57.917 "Duckworth" null
01:05.998 "JonathanRacer" null
01:08.788 "IcePandaBoom" null
01:15.694 "Yeti" null
01:18.093 "Ernesto" null
01:18.100 "JPMC-London-03" null
01:21.391 "OneDudeDesign" null
01:31.641 "Deepak-dpk" null
01:32.720 "mayurmadnani" null
01:35.383 "PolishThunder" null
01:39.733 "Penguin-DNPds" null
01:41.903 "kimmizian" null
01:48.716 "Matt" null
01:51.204 "Kire" null
01:54.450 "ishizaki-SEC" null
01:56.202 "team-ichibanshibori" null
01:59.192 "Yxcas-DBS" null
01:59.488 "MING-CHUN" null
02:02.334 "Test1-2" null
02:02.655 "Cindy-DBS" null
02:03.323 "Scarlet" null
02:04.217 "kimwooglae" null
02:06.713 "Jsol-Nakase" null
02:07.270 "think" null
02:07.644 "Adam-H" null
02:10.234 "Trinity" null
02:12.468 "Velvet" null
02:14.515 "RunBabyRun" null
02:18.236 "sasagawa-SEC" null
02:19.419 "KikakuTeamA" null
02:20.768 "ABaykov" null
02:21.983 "nine9" null
02:23.477 "DarkChocolate" null
02:25.092 "Merfoulis" null
02:30.464 "SpeedForce" null
02:31.420 "WaveLabCup-test" null
02:33.093 "test-race01" null
02:35.779 "MIS3B-1" null
02:37.370 "cho-SEC" null
02:37.700 "UncleGK-DBS" null
02:42.514 "Jozef-Mak" null
02:43.928 "Wasabi-DevelopersIO" null
02:44.084 "sndyJPMC" null
02:46.187 "asada-SEC" null
02:48.666 "waka" null
02:49.468 "kawatakzk-practice-01" null
02:52.183 "SK-DENSO" null
02:52.337 "AM730" null
02:52.552 "rX53" null
02:52.774 "MATCHA2020" null
02:57.802 "piano" null
02:58.454 "DBro" null
03:05.749 "Kurosaki" null
03:05.850 "SapthagiriCollegeOfEngineeringBengaluru" null
03:06.174 "mani-20200420-01" null
03:07.870 "cloud-maru-race" null
03:15.720 "dc1" null
03:17.103 "CloudCreative" null
03:18.963 "Usin" null
03:27.950 "My-First-League-racer" null
03:31.598 "mis5-deepracer" null
03:35.188 "GT-Racing" null
03:43.163 "SMYKsMagicBullet" null
03:43.651 "HarshalM" null
03:58.110 "KasztP" null
04:03.167 "speedyOne" null
04:20.961 "yoyogo" null
04:26.177 "Lina" null
04:34.034 "PCI" null
04:39.762 "Tabataku" null
04:40.178 "ShivashishBorah" null
04:41.716 "AIrtonSenna" null
04:46.698 "haikal-DBS" null
04:49.518 "happymermaid" null
04:52.439 "r00t" null
05:05.493 "s1thind" null
05:10.450 "Parag" null
05:28.663 "Kolaisaac10" null
05:31.523 "trialpwc" null
06:05.182 "My-First-Deep-Racer" null
06:38.712 "evapag" null
06:44.589 "xujun" null
07:10.384 "Dalinium2019" null
07:11.562 "Red-Cow-Rally-Team" null
07:28.907 "Personalee" null
07:50.285 "Rakesh-Arumalla" null
08:21.830 "raenaenaenae" null
08:52.166 "msckrishna" null
09:48.104 "Yuka-DBS" null
09:48.777 "XYAE" null
15:15.225 "exterior-muzzle" null
