00:23.180 "JJ" null
00:23.442 "Karl-NAB" null
00:24.952 "IcePandaBoom" null
00:25.303 "PolishThunder" null
00:25.485 "OneDudeDesign" null
00:26.088 "MiLKB" null
00:26.579 "X-DENSO" null
00:27.087 "Cindy-DBS" null
00:27.138 "kimmizian" null
00:27.845 "Duckworth" null
00:28.033 "JonathanRacer" null
00:28.081 "YMZK-DENSO" null
00:28.141 "OscarIVECloud" null
00:28.173 "KevinS" null
00:28.324 "alexj" null
00:28.413 "Swashes" null
00:28.689 "Garage-ISEP" null
00:28.854 "satussy777" null
00:28.908 "JPMC-London-03" null
00:29.199 "UNO-DENSO" null
00:29.542 "YUTAM-DENSO" null
00:29.570 "UncleGK-DBS" null
00:30.431 "Jerec" null
00:30.447 "nadeerg-DBS" null
00:30.844 "Arcjude" null
00:30.877 "jellyTunaSalad" null
00:30.910 "nalbam-me" null
00:30.967 "VISA" null
00:31.986 "ABaykov" null
00:32.092 "mayurmadnani" null
00:32.381 "Matt" null
00:32.390 "sndyJPMC" null
00:32.430 "mellowmonk" null
00:33.279 "AE" null
00:33.589 "Moodys2020SummerRace" null
00:34.346 "TienHoang-DBS" null
00:34.370 "Soda" null
00:34.869 "SaiTeja-rediff" null
00:35.216 "MEOW" null
00:35.221 "Cow9" null
00:35.269 "kimwooglae" null
00:35.425 "Tarun99" null
00:35.441 "SK-DENSO" null
00:35.485 "salahea" null
00:35.923 "JPMC-Bmth-02" null
00:36.364 "Origin" null
00:36.365 "piano" null
00:36.368 "Beautiful-Dream" null
00:36.488 "think" null
00:36.509 "Venkatesh" null
00:36.555 "JonathanHalim-DBS" null
00:36.761 "tranvietdung-DBS" null
00:36.776 "Laser" null
00:36.994 "voyager-DNPds" null
00:37.398 "Wings" null
00:37.440 "s1thind" null
00:37.591 "pj" null
00:37.636 "HKC2EBasic" null
00:38.022 "YODA" null
00:38.324 "Penguin-DNPds" null
00:38.341 "yt" null
00:38.664 "SpeedRizzle2" null
00:38.992 "Lina" null
00:39.263 "Merfoulis" null
00:39.268 "2nd" null
00:39.437 "tekgrl" null
00:39.830 "Deepak-dpk" null
00:39.904 "Kurosaki" null
00:40.372 "maggi" null
00:41.558 "poo" null
00:42.625 "hiroisojp" null
00:42.786 "TheFishFactory" null
00:43.035 "haikal-DBS" null
00:43.077 "Sundar-DBS" null
00:43.177 "AHHHHHHHHH" null
00:43.193 "nine9" null
00:43.225 "WaveLabCup-test" null
00:43.255 "swatii" null
00:43.495 "monk" null
00:43.773 "BoogieTimeProductions" null
00:43.885 "Z4" null
00:43.898 "hirosys" null
00:44.540 "Sophon-PWY" null
00:44.577 "Francisco-Fl" null
00:44.818 "mssalvadk-DBS" null
00:45.118 "SpeedForce" null
00:45.504 "HarshalM" null
00:46.515 "ShivashishBorah" null
00:46.616 "Hobey" null
00:46.939 "dartjason" null
00:47.256 "DragonCrew-DBS" null
00:47.370 "Asumi" null
00:47.774 "GAO" null
00:47.812 "Union" null
00:48.037 "Razr" null
00:48.049 "Kinonotabi" null
00:48.197 "Lyoracee" null
00:48.211 "Scarlet" null
00:49.293 "quibski" null
00:49.435 "prototype" null
