00:29.816 "JJ" null
00:33.924 "Karl-NAB" null
00:40.675 "OneDudeDesign" null
00:41.130 "MiLKB" null
00:41.726 "kimmizian" null
00:43.440 "Jianlong-DBS" null
00:43.703 "PolishThunder" null
00:43.717 "nalbam-me" null
00:43.830 "YMZK-DENSO" null
00:44.980 "JonathanRacer" null
00:46.042 "X-DENSO" null
00:46.188 "YUTAM-DENSO" null
00:47.436 "Matt" null
00:47.533 "KevinS" null
00:51.276 "SK-DENSO" null
00:52.189 "OscarIVECloud" null
00:53.868 "Arcjude" null
00:54.422 "satussy777" null
00:55.039 "mayurmadnani" null
00:55.099 "Duckworth" null
00:55.112 "Tarun99" null
00:56.719 "Venkatesh" null
00:58.811 "tranvietdung-DBS" null
01:03.193 "piano" null
01:03.209 "Cindy-DBS" null
01:03.234 "think" null
01:03.434 "AM730" null
01:03.753 "kimwooglae" null
01:05.398 "poo" null
01:06.473 "ABaykov" null
01:07.395 "Wings" null
01:08.176 "Penguin-DNPds" null
01:08.456 "TienHoang-DBS" null
01:10.679 "JPMC-London-03" null
01:13.640 "sndyJPMC" null
01:15.089 "Scarlet" null
01:15.464 "GT-Racing" null
01:16.635 "Merfoulis" null
01:17.914 "Kurosaki" null
01:18.252 "Lina" null
01:20.115 "Wasabi-DevelopersIO" null
01:20.519 "quibski" null
01:20.796 "s1thind" null
01:22.118 "HarshalM" null
01:23.097 "BeJP-ChaseR" null
01:24.822 "swatii" null
01:25.093 "nine9" null
01:26.514 "eco" null
01:27.194 "maggi" null
01:29.190 "Beautiful-Dream" null
01:29.247 "mssalvadk-DBS" null
01:29.851 "My-First-Deep-Racer" null
01:29.947 "HaNoiChienThang" null
01:30.447 "SMYKsMagicBullet" null
01:31.227 "hoomy-DDSds" null
01:31.276 "tekgrl" null
01:31.492 "r00t" null
01:33.951 "pj" null
01:35.197 "monk" null
01:36.084 "Adam-H" null
01:36.293 "KasztP" null
01:36.520 "Asumi" null
01:36.868 "william-IVE-Cloud" null
01:37.500 "Deepak-dpk" null
01:37.900 "hiroisojp" null
01:38.166 "yt" null
01:38.738 "MING-CHUN" null
01:39.665 "Yuka-DBS" null
01:41.463 "BOL" null
01:46.350 "Fumiaki-Ueno" null
01:48.314 "Chun" null
01:49.383 "onlythree" null
01:50.694 "JustPureVelocity" null
01:50.937 "CuBinh-VNN" null
01:50.959 "VipinMiglaniSB" null
01:51.859 "Jozef-Mak" null
01:52.971 "ShivashishBorah" null
01:53.520 "Nopthakorn" null
01:56.744 "exterior-muzzle" null
01:56.831 "BigDaddy35BRC" null
01:57.279 "SpeedForce" null
01:58.722 "GAO" null
02:04.322 "Jun" null
02:05.620 "Red-Cow-Rally-Team" null
02:08.458 "msckrishna" null
02:31.671 "Rakesh-Arumalla" null
02:40.619 "onepau" null
03:39.838 "AWS-Innovate-Challenge" null
04:00.718 "MX-mk1" null
05:25.104 "AniketYadav" null
