00:59.484 "JJ" null
00:59.760 "ChihYu-NCTU-CGI" null
01:07.512 "Karl-NAB" null
01:12.319 "Duckworth" null
01:13.814 "RayG" null
01:15.035 "Mentaiko-DevelopersIO" null
01:16.096 "Yeti" null
01:17.113 "ShinyThings-DBS" null
01:17.210 "Fumiaki" null
01:20.047 "Carl" null
01:20.725 "OneDudeDesign" null
01:21.416 "VaughanDiesel" null
01:21.838 "GT-DevelopersIO" null
01:21.939 "Airborne" null
01:22.641 "Jianlong-DBS" null
01:24.322 "X-DENSO" null
01:26.099 "Hagibis" null
01:28.268 "Kire" null
01:29.019 "kimmizian" null
01:29.180 "PolishThunder" null
01:30.304 "IcePandaBoom" null
01:31.102 "gigi-DNPds" null
01:32.025 "JPMC-London-03" null
01:32.029 "Jerec" null
01:32.543 "JonathanRacer" null
01:33.374 "DBro" null
01:34.533 "muzi" null
01:35.436 "DANKracer3" null
01:35.990 "ABaykov" null
01:36.061 "nero-DNPds" null
01:36.722 "satussy777" null
01:37.512 "UNO-DENSO" null
01:39.505 "Robin-Castro" null
01:39.621 "firnnauriel" null
01:39.647 "FRacer" null
01:41.855 "DeepLock-RaceMgr" null
01:42.281 "ARISE-DRC" null
01:42.356 "CJ-0376" null
01:44.080 "Roxies-Racer" null
01:44.368 "CODEGYM" null
01:46.623 "BL334" null
01:47.511 "kotaro-DNPds" null
01:47.795 "MohamedKhanafer" null
01:47.977 "Asumi" null
01:48.116 "Galileo" null
01:48.422 "Matt" null
01:49.651 "DarkChocolate" null
01:50.455 "tomota" null
01:52.273 "FTSuan-DBS" null
01:53.010 "powerpeter" null
01:56.621 "Ernesto" null
01:57.009 "Garage-ISEP" null
01:57.714 "sola-salon18" null
01:58.730 "kimwooglae" null
01:58.992 "voyager-DNPds" null
02:01.755 "mocha" null
02:02.249 "Test1-2" null
02:02.387 "mayurmadnani" null
02:02.477 "DeepRacerMS1-clone-new1" null
02:03.116 "RunBabyRun" null
02:03.414 "kito-DNPds" null
02:03.438 "Adam-H" null
02:05.062 "Smiles93" null
02:05.067 "LarsT" null
02:07.380 "SchrodingerBot" null
02:08.435 "MING-CHUN" null
02:08.969 "kent" null
02:10.286 "nalbam-me" null
02:13.840 "SBPE" null
02:14.910 "BSi" null
02:15.861 "manzooi" null
02:15.962 "Redfalcon5" null
02:16.757 "Lina" null
02:16.975 "MOROCAR" null
02:19.072 "hoomy-DDSds" null
02:20.456 "CaliSchwiizer" null
02:20.719 "Konatsu-bakuso" null
02:21.732 "masaminh" null
02:22.864 "think" null
02:23.810 "JustPureVelocity" null
02:23.897 "mellowmonk" null
02:24.117 "tc-test" null
02:24.340 "Audi8" null
02:25.618 "Joffe-Cybercom" null
02:27.514 "X-Zhao" null
02:27.581 "YMG-DNPds" null
02:28.388 "funny" null
02:29.313 "onepau" null
02:31.470 "NAFleet-NCTF" null
02:32.043 "Niaprojam" null
02:34.228 "IC" null
02:34.327 "IamFaster" null
02:34.814 "Ganesh-DBS" null
02:35.879 "LucaFurrer" null
02:36.335 "s1thind" null
02:37.569 "CloudCreative" null
02:37.900 "HKC2EBasic" null
02:39.171 "GummyBear" null
02:40.469 "DiverCar" null
02:41.405 "DPool-DBS" null
