01:15.608 "JJ" null
01:33.013 "Jianlong-DBS" null
01:37.005 "ShinyThings-DBS" null
01:38.142 "gigi-DNPds" null
01:40.668 "PolishThunder" null
01:41.077 "RayG" null
01:47.071 "Fumiaki" null
01:48.068 "DBro" null
01:50.087 "Yeti" null
01:53.131 "Asumi" null
01:54.013 "Mentaiko-DevelopersIO" null
01:54.568 "OneDudeDesign" null
02:00.795 "GT-DevelopersIO" null
02:10.098 "JPMC-London-03" null
02:11.852 "nero-DNPds" null
02:12.895 "X-DENSO" null
02:17.830 "satussy777" null
02:18.325 "IcePandaBoom" null
02:19.974 "powerpeter" null
02:22.272 "mayurmadnani" null
02:22.332 "Karl-NAB" null
02:31.265 "Smiles93" null
02:33.565 "Galileo" null
02:33.851 "ABaykov" null
02:38.298 "UNO-DENSO" null
02:38.973 "Lina" null
02:39.999 "Adam-H" null
02:43.392 "Kire" null
02:44.654 "MING-CHUN" null
02:47.875 "kimwooglae" null
02:49.943 "Duckworth" null
02:49.973 "Merfoulis" null
02:52.203 "JonathanRacer" null
02:54.628 "sola-salon18" null
02:54.787 "RunBabyRun" null
02:57.932 "Robin-Castro" null
02:58.952 "Hagibis" null
03:06.994 "nalbam-me" null
03:10.482 "think" null
03:14.532 "hoomy-DDSds" null
03:15.259 "firnnauriel" null
03:23.564 "cmkrcs1" null
03:24.310 "Penguin-DNPds" null
03:24.794 "s1thind" null
03:25.933 "Groovy-DNPds" null
03:30.342 "piano" null
03:41.400 "TARS" null
03:41.908 "CaliSchwiizer" null
03:45.890 "Jochem" null
03:51.841 "Matt" null
04:12.636 "AM730" null
04:21.731 "KHJFINAL6" null
04:27.380 "PaulMR" null
04:27.418 "Rakesh-Arumalla" null
04:35.274 "YMZK-DENSO" null
04:39.027 "Wasabi-DevelopersIO" null
04:43.475 "KHJ" null
04:43.596 "HJKIM" null
04:53.693 "PCI" null
04:57.616 "KasztP" null
04:58.551 "exterior-muzzle" null
05:00.363 "Blackcar" null
05:13.918 "LarsT" null
05:18.390 "GT-Racing" null
05:23.128 "iana" null
05:26.195 "Bulldog99" null
05:26.372 "morethanayear" null
05:27.720 "HongKongers" null
05:29.054 "nine9" null
05:29.771 "BoltzSpeed" null
05:45.926 "M3" null
05:58.789 "DR-Delaware-04" null
06:08.795 "Red-Cow-Rally-Team" null
06:14.322 "xiaoxdTest" null
06:17.934 "SMYKsMagicBullet" null
06:20.247 "bubula" null
06:25.976 "bluetulipz" null
06:30.097 "Prasanjit-Singh" null
06:31.038 "MattCamp" null
06:34.379 "Tom-Morrow-Racer" null
06:35.540 "Superspeed" null
06:41.671 "Momotaro-DevelopersIO" null
06:41.982 "My-First-Deep-Racer" null
06:45.185 "speedracer1" null
06:48.472 "ll" null
06:55.775 "GummyBear" null
06:56.473 "henrysher" null
06:56.942 "CaroCar" null
07:20.740 "hiroisojp" null
07:33.386 "polstar-polish" null
08:05.527 "Mainak-Ghosh" null
08:23.319 "NgDinhNha" null
11:07.374 "SchoolRace" null
11:15.261 "Tarun99" null
11:46.435 "akrue" null
11:57.438 "IceManNCSU" null
