01:02.437 "JJ" null
01:03.277 "ShaoXiong-NCTU-CGI" null
01:21.238 "ShinyThings-DBS" null
01:26.652 "Yeti" null
01:36.404 "Kire" null
02:09.411 "PolishThunder" null
02:10.242 "satussy777" null
02:21.740 "DBro" null
02:22.249 "ABaykov" null
02:25.145 "nero-DNPds" null
02:27.558 "Asumi" null
02:29.229 "GT-DevelopersIO" null
02:43.711 "MING-CHUN" null
02:44.120 "JPMC-London-03" null
02:45.706 "Adam-H" null
02:46.935 "OneDudeDesign" null
02:48.492 "sola-salon18" null
02:53.763 "RunBabyRun" null
03:11.219 "firnnauriel" null
03:13.287 "Lina" null
03:15.355 "mayurmadnani" null
03:24.598 "Matt" null
03:27.010 "powerpeter" null
03:29.067 "JonathanRacer" null
03:31.670 "NewSpeed" null
03:32.804 "Robin-Castro" null
03:35.828 "DeepLock-RaceMgr" null
03:36.254 "Merfoulis" null
03:48.201 "Groovy-DNPds" null
03:49.755 "kimwooglae" null
04:23.636 "cmkrcs1" null
04:30.459 "Galileo" null
04:32.223 "PCI" null
04:40.401 "think" null
04:55.488 "PaulMR" null
05:05.656 "CaliSchwiizer" null
05:17.388 "s1thind" null
05:17.830 "Smiles93" null
05:21.284 "JonR2" null
05:27.971 "X-DENSO" null
05:33.307 "Wasabi-DevelopersIO" null
05:36.525 "exterior-muzzle" null
05:42.927 "KasztP" null
05:48.199 "morethanayear" null
05:48.282 "VanHelsing" null
05:50.292 "piano" null
06:13.415 "scottsfirstmodel" null
06:15.626 "Momotaro-DevelopersIO" null
06:19.029 "HongKongers" null
06:26.203 "Tom-Morrow-Racer" null
06:47.438 "Prasanjit-Singh" null
06:51.703 "KHJFINAL6" null
06:53.903 "AM730" null
06:58.842 "M3" null
07:44.634 "DitchDigger" null
07:46.835 "Bowtie" null
08:10.466 "SpeedUno" null
08:34.911 "CaroCar" null
08:39.367 "bluetulipz" null
08:44.908 "TheWackRacer" null
09:19.186 "nalbam-me" null
10:02.118 "GT-Racing" null
10:11.176 "XH-DBS" null
10:19.281 "Mainak-Ghosh" null
10:23.649 "nine9" null
10:41.002 "bubula" null
