00:23.198 "JJ" null
00:23.363 "Karl-NAB" null
00:24.619 "Granville777" null
00:25.160 "flatearth" null
00:25.164 "PolishThunder" null
00:25.233 "Ernesto" null
00:25.475 "GT-DevelopersIO" null
00:26.008 "OneDudeDesign" null
00:26.224 "MattCamp" null
00:26.588 "Yeti" null
00:26.966 "Duckworth" null
00:27.088 "Mentaiko-DevelopersIO" null
00:27.383 "IcePandaBoom" null
00:27.634 "Carl" null
00:27.799 "DBro" null
00:27.862 "Giacomo" null
00:28.441 "Yxcas-DBS" null
00:28.475 "Robin-Castro" null
00:28.536 "Joffe" null
00:28.696 "ShinyThings-DBS" null
00:28.833 "bluetulipz" null
00:28.908 "svenus" null
00:28.937 "Smiles93" null
00:29.172 "GummyBear" null
00:29.353 "Galileo" null
00:29.603 "Fumiaki" null
00:30.285 "nero-DNPds" null
00:30.394 "NewSpeed" null
00:30.667 "Team3D-Internal-Race1" null
00:30.967 "GDMSDeepRacerRI-1" null
00:30.978 "ABaykov" null
00:31.094 "Jianlong-DBS" null
00:31.135 "HarinWu" null
00:31.166 "json" null
00:31.453 "X-DENSO" null
00:31.570 "Team-3D-Internal-Race-2B" null
00:31.579 "Test01-azusawa-001" null
00:31.954 "Garage-ISEP" null
00:32.006 "EngChi" null
00:32.230 "iana" null
00:32.453 "Arcjude" null
00:32.540 "mayurmadnani" null
00:32.545 "BL334" null
00:32.996 "hiroisojp" null
00:33.104 "test-race01" null
00:33.182 "anvillasoto" null
00:33.399 "nalbam-me" null
00:33.433 "VaughanDiesel" null
00:33.505 "JonathanRacer" null
00:33.567 "kito-DNPds" null
00:33.593 "YMG-DNPds" null
00:33.659 "Jerec" null
00:33.757 "Rogue-DBS" null
00:33.958 "MING-CHUN" null
00:34.224 "JPMC-London-03" null
00:34.616 "s1thind" null
00:34.639 "Kire" null
00:34.898 "atnmn635309" null
00:34.993 "Fighting-Deep-Racer" null
00:35.071 "Jackandwho" null
00:35.160 "Brandonywl" null
00:35.289 "Wings" null
00:36.115 "Tarun99" null
00:36.196 "sunaba" null
00:36.267 "tekgrl" null
00:36.443 "kimwooglae" null
00:36.492 "alexj" null
00:36.553 "piano" null
00:37.265 "Catherine-Lu" null
00:37.554 "Zane-L" null
00:37.560 "Outlier" null
00:37.675 "think" null
00:37.767 "BSi" null
00:37.806 "DFSpeedRacer" null
00:38.196 "Etaggel" null
00:38.207 "Merfoulis" null
00:38.618 "Aurora-DNPds" null
00:38.821 "Groovy-DNPds" null
00:39.152 "voyager-DNPds" null
00:39.451 "Penguin-DNPds" null
00:39.584 "Redfalcon5" null
00:39.607 "Sai-Cherukuri" null
00:39.888 "Test1-2" null
00:40.262 "kotaro-DNPds" null
00:40.783 "PininfarinaDeutschland-T1" null
00:41.191 "nine9" null
00:42.073 "Dolphin-DNPds" null
00:42.286 "skanumuri" null
00:42.299 "ask1993" null
00:42.344 "AFS" null
00:42.542 "rclaveau" null
00:42.777 "team-ichibanshibori" null
00:42.876 "TheFishFactory" null
00:42.994 "WWWWWWWWWWWWWWWW" null
00:43.336 "Sundar-DBS" null
00:43.552 "AlmaWin" null
00:43.720 "KikakuTeamA" null
00:43.947 "KevinS" null
00:44.265 "MiLKB-DBS" null
00:44.294 "RhysG" null
