00:33.855 "JJ" null
00:35.550 "Karl-NAB" null
00:37.542 "Jianlong-DBS" null
00:41.751 "Giacomo" null
00:41.805 "flatearth" null
00:42.503 "Fumiaki" null
00:43.467 "PolishThunder" null
00:43.468 "Ernesto" null
00:43.661 "TARS" null
00:44.212 "EngChi" null
00:44.849 "Smiles93" null
00:45.109 "OneDudeDesign" null
00:46.258 "Mentaiko-DevelopersIO" null
00:46.446 "ABaykov" null
00:46.665 "nero-DNPds" null
00:47.993 "MattCamp" null
00:48.143 "ShinyThings-DBS" null
00:48.971 "iana" null
00:50.734 "Granville777" null
00:50.838 "Kire" null
00:51.168 "DBro" null
00:52.667 "Yeti" null
00:52.958 "GT-DevelopersIO" null
00:54.420 "BSi" null
00:54.686 "mayurmadnani" null
00:54.906 "Duckworth" null
00:55.800 "Galileo" null
00:56.935 "nalbam-me" null
00:58.026 "Tarun99" null
00:59.550 "HarinWu" null
01:01.142 "hiroisojp" null
01:01.594 "Yxcas-DBS" null
01:02.098 "think" null
01:02.634 "Jackandwho" null
01:04.679 "X-DENSO" null
01:04.912 "kimwooglae" null
01:05.620 "Asumi" null
01:06.121 "GDMSDeepRacerRI-1" null
01:06.212 "andypandyncandy" null
01:06.503 "piano" null
01:06.882 "bluetulipz" null
01:07.974 "DFSpeedRacer" null
01:08.675 "Wings" null
01:09.169 "anvillasoto" null
01:09.593 "Rogue-DBS" null
01:11.629 "Arcjude" null
01:14.517 "IcePandaBoom" null
01:15.572 "nine9" null
01:16.860 "Joffe" null
01:16.988 "Robin-Castro" null
01:17.147 "Lina" null
01:17.192 "AlbS" null
01:20.800 "Wasabi-DevelopersIO" null
01:21.922 "dkracer" null
01:25.667 "KasztP" null
01:26.750 "s1thind" null
01:27.488 "RogerRabbit" null
01:27.822 "FoscarSun" null
01:29.603 "Zane-L" null
01:30.383 "Merfoulis" null
01:30.787 "firnnauriel" null
01:33.441 "Blackcar" null
01:35.878 "Penguin-DNPds" null
01:36.095 "NewSpeed" null
01:37.737 "Adam-H" null
01:38.424 "MING-CHUN" null
01:39.136 "Prasanjit-Singh" null
01:40.067 "Groovy-DNPds" null
01:42.821 "sasuke" null
01:44.470 "BoltzSpeed" null
01:49.260 "GummyBear" null
01:49.540 "LeapStart" null
01:51.526 "naruto" null
01:51.545 "tekgrl" null
01:52.043 "JPMC-London-03" null
01:52.096 "Momotaro-DevelopersIO" null
01:52.129 "Etaggel" null
01:52.864 "FLNGRY" null
01:54.921 "exterior-muzzle" null
01:55.190 "believe" null
01:55.870 "Red-Cow-Rally-Team" null
01:56.743 "meharmadnani" null
02:04.412 "bubula" null
02:04.539 "SMYKsMagicBullet" null
02:04.774 "onepau" null
02:05.224 "Ashish-Langote" null
02:05.648 "ThatChocolateGuy" null
02:05.937 "IceManNCSU" null
02:08.704 "HongKongers" null
02:13.271 "NgDinhNha" null
02:15.225 "Rakesh-Arumalla" null
02:16.204 "GT-Racing" null
02:16.523 "JustPureVelocity" null
02:19.408 "mfxc-DENSO" null
02:22.344 "Joffe-Cybercom" null
02:25.199 "foscarrrrr" null
02:30.669 "CaliSchwiizer" null
02:35.021 "YMZK-DENSO" null
03:40.048 "msckrishna" null
