01:20.037 "JJ" null
01:20.931 "ShaoXiong-NCTU-CGI" null
01:26.878 "RayG" null
01:37.558 "Robin-Castro" null
01:45.284 "TataCalde" null
01:45.962 "Hagibis" null
01:49.637 "RIC3" null
01:53.305 "OneDudeDesign" null
02:01.808 "morethanayear" null
02:23.359 "gigi-DNPds" null
02:24.161 "RichardFan" null
02:24.250 "Giacomo" null
02:37.418 "MING-CHUN" null
02:40.499 "SheBangsTheDrums1989" null
02:51.418 "Chinos1" null
02:51.820 "MattCamp" null
02:53.356 "Wasabi-DevelopersIO" null
02:56.791 "Mentaiko-DevelopersIO" null
02:59.525 "mayurmadnani" null
02:59.784 "nero-DNPds" null
03:05.133 "GT-DevelopersIO" null
03:06.400 "Asumi" null
03:09.660 "ABaykov" null
03:09.750 "DBro" null
03:12.638 "Momotaro-DevelopersIO" null
03:13.451 "PascualArroyo" null
03:21.738 "PolishThunder" null
03:23.317 "laszlo-kiss" null
03:26.319 "Galileo" null
03:29.884 "RunBabyRun" null
03:31.053 "Tarun99" null
03:31.298 "BSi" null
03:32.438 "Etaggel" null
03:34.232 "Jianlong-DBS" null
03:39.655 "Ernesto" null
03:39.747 "wss23" null
03:41.553 "kimwooglae" null
03:44.469 "HarinWu" null
03:48.021 "Smiles93" null
03:48.397 "JonathanRacer" null
03:50.666 "Kire" null
03:51.702 "piano" null
03:53.098 "JMajor" null
03:54.017 "nalbam-me" null
03:55.689 "satussy777" null
03:56.644 "SpeedFreak" null
04:03.863 "RhysG" null
04:03.975 "Kenji" null
04:09.033 "ESADE-MIBA-3" null
04:09.207 "IcePandaBoom" null
04:09.270 "Sid-AABG" null
04:11.845 "nine9" null
04:12.370 "powerpeter" null
04:12.944 "ESADE-MIBA-1" null
04:14.945 "PaulMR" null
04:20.750 "ShinyThings-DBS" null
04:21.166 "X-DENSO" null
04:21.572 "BradRacer" null
04:25.803 "JPMC-London-03" null
04:28.337 "DarkChocolate" null
04:38.634 "Zane-L" null
04:40.481 "Merfoulis" null
04:41.319 "dartjason" null
04:42.676 "hiroisojp" null
04:43.608 "nalbam-mz" null
04:47.480 "Flecha21" null
04:49.428 "ouss" null
04:54.751 "AbdElrhman-Mohamed" null
04:55.167 "RAY-HAN" null
04:56.134 "Rakesh-Arumalla" null
04:58.273 "ToroMorosso" null
04:58.738 "sola-salon18" null
05:00.878 "PSparks" null
05:04.064 "Adam-H" null
05:04.790 "GummyBear" null
05:06.970 "Myplanet-Rogue-One" null
05:07.268 "Duckworth" null
05:09.679 "Leclerc" null
05:14.968 "GoodmanKR" null
05:16.803 "TRS-DR" null
05:24.919 "think" null
05:27.040 "TaiwanNumberOne" null
05:29.912 "totally-not-skynet" null
05:31.536 "DZ0418" null
05:33.560 "m" null
05:35.085 "JaT-DBS" null
05:40.123 "Mobibluman" null
05:41.791 "mkl" null
05:47.090 "IceManNCSU" null
05:48.467 "KasztP" null
05:50.077 "juvchan" null
05:53.091 "avni" null
05:58.139 "onepau" null
05:58.856 "Tom-Morrow-Racer" null
06:00.385 "akrue" null
06:04.815 "AlmostKubica" null
06:17.469 "GT-Racing" null
06:17.791 "DannyRic" null
06:34.271 "GOODLAUGH" null
06:37.877 "megadriver" null
