01:17.517 "JJ" null
01:21.264 "GT-DevelopersIO" null
01:22.601 "Mentaiko-DevelopersIO" null
01:23.696 "RayG" null
01:23.724 "OneDudeDesign" null
01:24.693 "Giacomo" null
01:26.296 "JMajor" null
01:26.451 "Robin-Castro" null
01:29.951 "AkramDweikat" null
01:30.827 "Karl-NAB" null
01:31.236 "ShinyThings-DBS" null
01:31.775 "ESADE-MIBA-3" null
01:32.867 "ESADE-MIBA-2" null
01:33.521 "Fumiaki" null
01:33.523 "Jianlong-DBS" null
01:35.641 "DBro" null
01:36.908 "Hagibis" null
01:36.974 "Momotaro-DevelopersIO" null
01:37.146 "ABaykov" null
01:39.366 "MattCamp" null
01:39.679 "nalbam-me" null
01:40.725 "Smiles93" null
01:41.521 "RobinCastro-DBS" null
01:42.252 "RIC3" null
01:43.044 "JPMC-London-03" null
01:43.134 "ESADE-MIBA-1" null
01:43.783 "PolishThunder" null
01:44.284 "JaT-DBS" null
01:46.448 "Duckworth" null
01:47.229 "nero-DNPds" null
01:47.869 "muzi" null
01:47.932 "mayurmadnani" null
01:51.080 "Raptor-DR" null
01:51.146 "Galileo" null
01:52.047 "Etaggel" null
01:52.166 "Joffe-Cybercom" null
01:52.578 "RhysG" null
01:53.361 "CIHI-AutonomousRacingLeague-WarmUp" null
01:54.182 "TataCalde" null
01:55.005 "megadriver" null
01:55.547 "morethanayear" null
01:57.687 "JonathanRacer" null
01:58.624 "nalbam-mz" null
01:58.865 "Asumi" null
01:58.880 "JATAN-DBS" null
01:59.038 "MING-CHUN" null
02:00.083 "Garage-ISEP" null
02:00.153 "Jerec" null
02:00.170 "Roxies-Racer" null
02:00.332 "SheBangsTheDrums1989" null
02:00.631 "Edwin-X" null
02:00.697 "skanumuri" null
02:00.837 "powerpeter" null
02:01.132 "RodN" null
02:01.157 "PascualArroyo" null
02:01.333 "SC" null
02:01.744 "SBPE" null
02:02.455 "Chinos1" null
02:02.780 "BL334" null
02:04.089 "KarolMajek" null
02:04.301 "KH-csit" null
02:04.587 "rancidmonkey" null
02:04.913 "Ernesto" null
02:05.374 "X-DENSO" null
02:05.634 "taturabe" null
02:06.057 "onepau" null
02:06.078 "wss23" null
02:06.748 "gautamb" null
02:07.454 "Qiyu-DBS" null
02:07.842 "HighwayStar14" null
02:08.057 "My-First-Deep-Racer" null
02:08.121 "RunBabyRun" null
02:08.788 "kimwooglae" null
02:08.909 "moymoy" null
02:09.313 "TaiwanNumberOne" null
02:10.511 "mkl" null
02:10.762 "Suanlah" null
02:10.805 "HarinWu" null
02:11.122 "Carl" null
02:11.338 "juvchan" null
02:11.777 "Wasabi-DevelopersIO" null
02:12.083 "PaulMR" null
02:12.084 "seb" null
02:12.604 "mustguard" null
02:12.939 "nicholasconyngham" null
02:13.226 "ouss" null
02:13.576 "Jochem" null
02:13.855 "DarkChocolate" null
02:14.445 "BlueLithium" null
02:14.551 "ToroMorosso" null
02:15.854 "RichardFan" null
02:16.408 "Joechan-DBS" null
02:16.670 "iliu" null
02:16.708 "BespinRacer" null
02:17.140 "Lightning5-2" null
02:17.140 "CaliSchwiizer" null
02:17.336 "laszlo-kiss" null
02:17.817 "polstar-polish" null
02:17.970 "LastManStanding" null
02:18.000 "ARISE-DRC" null
