01:52.040 "JJ" null
02:06.554 "RayG" null
02:12.434 "OneDudeDesign" null
02:14.983 "GT-DevelopersIO" null
02:19.711 "Robin-Castro" null
02:22.132 "nero-DNPds" null
02:22.705 "Jianlong-DBS" null
02:24.260 "Mentaiko-DevelopersIO" null
02:24.501 "MattCamp" null
02:27.703 "Fumiaki" null
02:29.629 "gigi-DNPds" null
02:30.356 "ABaykov" null
02:32.518 "PolishThunder" null
02:33.425 "DBro" null
02:39.600 "mayurmadnani" null
02:41.897 "Momotaro-DevelopersIO" null
02:45.156 "nalbam-me" null
02:49.989 "Etaggel" null
02:50.406 "Karl-NAB" null
02:50.623 "JPMC-London-03" null
02:51.257 "ESADE-MIBA-3" null
02:52.739 "Giacomo" null
02:53.143 "Galileo" null
02:57.319 "Smiles93" null
02:58.414 "kimwooglae" null
02:58.414 "Asumi" null
02:58.647 "Chinos1" null
02:59.270 "ShinyThings-DBS" null
03:01.815 "TataCalde" null
03:04.165 "RichardFan" null
03:05.951 "ouss" null
03:08.018 "juvchan" null
03:10.808 "RIC3" null
03:11.473 "morethanayear" null
03:15.293 "IcePandaBoom" null
03:15.671 "powerpeter" null
03:15.929 "Jochem" null
03:16.406 "satussy777" null
03:16.648 "MING-CHUN" null
03:20.540 "nalbam-mz" null
03:20.564 "JMajor" null
03:20.962 "PascualArroyo" null
03:25.020 "think" null
03:25.931 "AlmostKubica" null
03:26.615 "dartjason" null
03:27.455 "BSi" null
03:30.185 "hiroisojp" null
03:30.404 "laszlo-kiss" null
03:30.677 "Wasabi-DevelopersIO" null
03:31.712 "HarinWu" null
03:32.672 "ESADE-MIBA-1" null
03:36.144 "ESADE-MIBA-2" null
03:37.075 "wss23" null
03:40.669 "X-DENSO" null
03:41.277 "TaiwanNumberOne" null
03:41.312 "Tarun99" null
03:44.305 "polstar-polish" null
03:44.849 "RunBabyRun" null
03:46.149 "leo-DNPds" null
03:48.460 "Kire" null
03:51.848 "RAY-HAN" null
03:53.558 "Kenji" null
03:53.671 "SheBangsTheDrums1989" null
03:55.010 "RhysG" null
03:55.839 "ToroMorosso" null
03:57.740 "PaulMR" null
03:59.763 "AlexLenk" null
04:03.028 "Hagibis" null
04:04.754 "Ernesto" null
04:05.455 "s1thind" null
04:06.501 "Merfoulis" null
04:07.547 "Sid-AABG" null
04:08.009 "Adam-H" null
04:11.215 "TRS-DR" null
04:11.243 "nine9" null
04:11.413 "piano" null
04:13.398 "BradRacer" null
04:15.651 "SpeedFreak" null
04:16.596 "GoodmanKR" null
04:16.729 "Duckworth" null
04:18.531 "JonathanRacer" null
04:21.420 "Flecha21" null
04:21.476 "Myplanet-Rogue-One" null
04:22.906 "Breadcentric" null
04:23.754 "DarkChocolate" null
04:27.897 "sola-salon18" null
04:28.716 "totally-not-skynet" null
04:29.920 "KAWAHI" null
04:34.779 "Jerec" null
04:41.136 "jdoc" null
04:41.458 "BlueDevil" null
04:42.360 "GummyBear" null
04:44.930 "Qiyu-DBS" null
04:48.782 "megadriver" null
04:52.355 "KasztP" null
04:53.307 "IceManNCSU" null
04:55.423 "skanumuri" null
04:57.312 "SC" null
04:59.594 "m" null
05:01.896 "Zane-L" null
