00:37.709 "dartjason" null
00:37.930 "OneDudeDesign" null
00:38.177 "JJ" null
00:40.388 "PoChun-NCTU-CGi" null
00:40.809 "gigi-DNPds" null
00:40.912 "Karl-NAB" null
00:40.981 "RayG" null
00:43.922 "Etaggel" null
00:44.780 "Mentaiko-DevelopersIO" null
00:45.441 "Galileo" null
00:45.775 "Fumiaki" null
00:46.016 "nero-DNPds" null
00:46.115 "PolishThunder" null
00:47.808 "MattCamp" null
00:49.729 "SchrodingerBot" null
00:49.775 "Jianlong-DBS" null
00:49.983 "GT-DevelopersIO" null
00:50.781 "flatearth" null
00:50.854 "FLNGRY" null
00:51.565 "nalbam-me" null
00:52.093 "Keaton" null
00:52.263 "Ernesto" null
00:53.343 "mayurmadnani" null
00:53.555 "SpeedFreak" null
00:53.976 "juvchan" null
00:56.017 "Myplanet-Rogue-One" null
00:56.130 "DBro" null
00:57.073 "Lazuli" null
00:57.391 "Robin-Castro" null
00:58.466 "Tarun99" null
00:59.486 "hiroisojp" null
00:59.796 "ShinyThings-DBS" null
00:59.818 "BSi" null
01:01.881 "anvillasoto" null
01:04.152 "kimwooglae" null
01:05.974 "Smiles93" null
01:06.084 "HarinWu" null
01:06.167 "Kire" null
01:07.443 "meharmadnani" null
01:07.608 "ABaykov" null
01:07.971 "nine9" null
01:08.997 "think" null
01:09.845 "Hagibis" null
01:11.056 "FoscarSun" null
01:11.260 "Foscar" null
01:11.753 "tekgrl" null
01:13.425 "believe" null
01:15.616 "firnnauriel" null
01:15.879 "hhaamm" null
01:16.043 "Sid-AABG" null
01:16.105 "piano" null
01:17.149 "s1thind" null
01:17.719 "IcePandaBoom" null
01:19.870 "bluetulipz" null
01:22.667 "RichardFan" null
01:24.463 "Wasabi-DevelopersIO" null
01:25.900 "foscarrrrr" null
01:26.925 "leo-DNPds" null
01:27.273 "jdoc" null
01:28.528 "kotaro-DNPds" null
01:29.040 "taishi" null
01:31.633 "Zane-L" null
01:32.148 "Caleb-DBS" null
01:32.704 "morethanayear" null
01:33.182 "sunaba" null
01:33.416 "Dumbo" null
01:33.881 "sola-salon18" null
01:34.000 "Jerec" null
01:34.536 "NandoLorris" null
01:34.589 "wss23" null
01:35.032 "Jochem" null
01:36.058 "KasztP" null
01:36.085 "Chiron" null
01:36.887 "SonuJalan" null
01:37.389 "Merfoulis" null
01:37.727 "Fighting-Deep-Racer" null
01:40.734 "RAY-HAN" null
01:41.957 "KAWAHI" null
01:42.137 "Dgray" null
01:43.148 "Tom-Morrow-Racer" null
01:44.809 "deep-demo" null
01:46.932 "IceManNCSU" null
01:47.482 "IVaibhavMalpani" null
01:47.864 "HerbieNL" null
01:50.381 "GT-Racing" null
01:50.607 "aa312" null
01:50.706 "GoodmanKR" null
01:51.794 "Joffe" null
01:52.105 "Fredriks-first-race" null
01:52.433 "Raptor-DR" null
01:53.416 "Chinos1" null
01:56.731 "kafka" null
01:57.502 "BespinRacer" null
01:57.646 "AbdElrhman-Mohamed" null
01:58.119 "Shrek" null
01:58.666 "Asumi" null
01:59.159 "nlazouzi" null
02:00.609 "json" null
02:01.335 "JonathanRacer" null
02:02.468 "ANCILE" null
