00:23.060 "Kuei-NCTU-CGI" null
00:23.334 "JJ" null
00:23.576 "Karl-NAB" null
00:23.835 "dartjason" null
00:24.180 "GT-DevelopersIO" null
00:24.197 "Keaton" null
00:24.960 "flatearth" null
00:25.129 "PolishThunder" null
00:25.987 "OneDudeDesign" null
00:26.382 "iliu" null
00:26.518 "Mentaiko-DevelopersIO" null
00:27.315 "MattCamp" null
00:27.661 "Robin-Castro" null
00:28.020 "Ernesto" null
00:28.054 "Etaggel" null
00:28.412 "SchrodingerBot" null
00:28.472 "DBro" null
00:28.564 "ESADE-MIBA-2" null
00:28.942 "Galileo" null
00:29.095 "Joffe" null
00:29.345 "Fumiaki" null
00:29.366 "BSi" null
00:29.402 "Hagibis" null
00:29.532 "juvchan" null
00:30.001 "IcePandaBoom" null
00:30.208 "nero-DNPds" null
00:30.560 "nalbam-me" null
00:30.784 "Smiles93" null
00:30.809 "RayG" null
00:30.814 "bluetulipz" null
00:31.223 "ABaykov" null
00:31.234 "HarinWu" null
00:31.287 "Duckworth" null
00:31.327 "json" null
00:31.703 "Fighting-Deep-Racer" null
00:31.736 "Kire" null
00:31.815 "Jianlong-DBS" null
00:31.843 "Brandonywl" null
00:31.874 "mayurmadnani" null
00:32.004 "hiroisojp" null
00:32.058 "anvillasoto" null
00:32.435 "FLNGRY" null
00:32.462 "sunaba" null
00:32.480 "ShinyThings-DBS" null
00:32.688 "kotaro-DNPds" null
00:32.790 "atnmn" null
00:32.852 "JonathanRacer" null
00:33.341 "Jochem" null
00:33.476 "Team3D-Internal-Race1" null
00:33.990 "MING-CHUN" null
00:34.209 "s1thind" null
00:34.220 "Zane-L" null
00:34.247 "think" null
00:34.617 "Tarun99" null
00:34.932 "Shrek" null
00:35.055 "taishi" null
00:35.154 "leo-DNPds" null
00:35.432 "atnmn635309" null
00:35.485 "Raptor-DR" null
00:35.580 "Myplanet-Rogue-One" null
00:36.056 "YMG-DNPds" null
00:36.183 "CruzRamirez" null
00:36.350 "Mano" null
00:36.350 "WenwenPon" null
00:36.531 "piano" null
00:36.590 "meharmadnani" null
00:36.613 "morethanayear" null
00:36.652 "jdoc" null
00:36.710 "sola-salon18" null
00:36.815 "svenus" null
00:36.820 "foscarrrrr" null
00:36.849 "Outlier" null
00:36.909 "deep-demo" null
00:36.953 "Foscar" null
00:37.030 "Suanlah" null
00:37.291 "kimwooglae" null
00:37.379 "tekgrl" null
00:37.442 "Alfcanada" null
00:37.907 "Jerec" null
00:38.675 "zut" null
00:38.723 "FRacer" null
00:38.802 "Test01-azusawa-001" null
00:39.267 "chandubin" null
00:39.776 "Redfalcon5" null
00:39.824 "FoscarSun" null
00:40.206 "nine9" null
00:40.208 "YakuzaMan" null
00:40.293 "WWWWWWWWWWWWWWWW" null
00:40.732 "AlmaWin" null
00:40.887 "Sai-Cherukuri" null
00:41.220 "PininfarinaDeutschland-T1" null
00:41.492 "BenThunderBoss" null
00:41.584 "Roxies-Racer" null
00:41.863 "NewSpeed" null
00:41.895 "Mat" null
00:41.939 "firnnauriel" null
00:42.299 "cfwong" null
00:42.478 "Groovy-DNPds" null
00:42.565 "prototype" null
00:43.051 "DR-Boong" null
