00:35.827 "ChihYu-NCTU-CGI" null
00:37.703 "Karl-NAB" null
00:37.751 "Kuei-NCTU-CGI" null
00:37.924 "ShaoXiong-NCTU-CGI" null
00:38.064 "JJ" null
00:38.670 "dartjason" null
00:39.710 "GT-DevelopersIO" null
00:40.863 "OneDudeDesign" null
00:41.593 "ShibaInu-DevelopersIO" null
00:41.698 "Fumiaki" null
00:42.156 "Keaton" null
00:42.318 "TonyJ" null
00:42.401 "MING-CHUN" null
00:42.467 "RayG" null
00:42.647 "RichardFan" null
00:44.044 "MattCamp" null
00:44.461 "nero-DNPds" null
00:45.328 "Jochem" null
00:45.458 "Robin-Castro" null
00:45.758 "Galileo" null
00:45.965 "UNO-DENSO" null
00:47.545 "Hagibis" null
00:47.890 "ABaykov" null
00:47.940 "Duckworth" null
00:47.996 "Etaggel" null
00:48.306 "satussy777" null
00:48.339 "chilmeran" null
00:49.554 "CIHI-AutonomousRacingLeague-WarmUp" null
00:50.436 "SK-DENSO" null
00:50.702 "DriftKings-ET" null
00:50.839 "JonathanRacer" null
00:51.117 "megadriver" null
00:51.343 "DBro" null
00:51.470 "Giacomo" null
00:51.496 "Momotaro-DevelopersIO" null
00:51.910 "DarkChocolate" null
00:52.086 "Ernesto" null
00:52.154 "leo-DNPds" null
00:52.551 "nalbam-me" null
00:52.661 "mogamin" null
00:52.875 "kotaro-DNPds" null
00:53.058 "PolishThunder" null
00:53.327 "tomota" null
00:53.862 "TRS-DR" null
00:54.122 "HiroshiRon" null
00:54.482 "muzi" null
00:54.520 "NewSpeed" null
00:54.949 "s1thind" null
00:55.028 "hiroisojp" null
00:55.157 "sawa" null
00:55.167 "Kire" null
00:55.349 "kimwooglae" null
00:55.695 "nine9" null
00:56.227 "think" null
00:57.254 "NTHU-elsalab" null
00:57.395 "Mentaiko-DevelopersIO" null
00:57.584 "PCI" null
00:57.800 "KUROMAGURO-DNPds" null
00:58.213 "voyager-DNPds" null
00:58.907 "Jerec" null
00:58.945 "Jianlong-DBS" null
00:59.736 "DF" null
01:00.360 "Dalyo" null
01:00.392 "Breadcentric" null
01:00.852 "powerpeter" null
01:00.952 "bluetulipz" null
01:01.688 "ChangsooCap" null
01:04.495 "sola-salon18" null
01:04.951 "mal" null
01:05.182 "Merfoulis" null
01:05.418 "PaulMR" null
01:05.422 "April-1" null
01:06.071 "Etupirka-DNPds" null
01:06.393 "HUNMR" null
01:06.438 "MinShi" null
01:06.897 "SBPE" null
01:07.363 "VanderShip" null
01:08.164 "Garage-ISEP" null
01:09.166 "evanca" null
01:09.566 "Taketo" null
01:10.852 "TimothyTan" null
01:10.869 "sola-burner" null
01:10.952 "shb7628" null
01:11.042 "AlmaWin" null
01:13.221 "stupidModel" null
01:13.673 "prototype" null
01:15.021 "matthieu" null
01:15.046 "Roxies-Racer" null
01:15.075 "Deep-Racer" null
01:15.328 "zut" null
01:15.388 "DJL" null
01:15.722 "Mainak-Ghosh" null
01:15.875 "RacingAbeam" null
01:16.208 "piano" null
01:17.448 "shapalas" null
01:18.628 "nlazouzi" null
01:18.668 "DR-Boong" null
01:19.050 "IVaibhavMalpani" null
01:19.607 "mustguard" null
01:19.809 "Mexicode" null
