00:50.330 "JJ" null
00:52.014 "RichardFan" null
00:59.108 "Breadcentric" null
00:59.145 "Robin-Castro" null
01:00.967 "RayG" null
01:01.761 "Hagibis" null
01:11.811 "Etaggel" null
01:23.801 "Lazuli" null
01:24.306 "ABaykov" null
01:26.903 "nalbam-me" null
01:28.972 "nero-DNPds" null
01:31.535 "megadriver" null
02:03.143 "kotaro-DNPds" null
02:07.236 "think" null
02:17.959 "Momotaro-DevelopersIO" null
02:24.435 "hiroisojp" null
02:28.316 "Galileo" null
02:47.543 "Keaton" null
02:49.449 "DBro" null
02:53.001 "GT-DevelopersIO" null
03:00.371 "mayurmadnani" null
03:10.616 "OneDudeDesign" null
03:10.757 "Mentaiko-DevelopersIO" null
03:11.277 "Kire" null
03:17.444 "leo-DNPds" null
03:22.556 "sola-burner" null
03:23.812 "Deep-Racer" null
03:27.130 "kimwooglae" null
03:30.893 "testdriver" null
03:33.401 "ChangsooCap" null
03:37.251 "MattCamp" null
03:44.931 "DriftKings-ET" null
03:45.261 "PolishThunder" null
03:52.045 "piano" null
03:58.818 "Evaluation" null
04:01.484 "MING-CHUN" null
04:12.945 "rac-rac" null
04:16.899 "nine9" null
04:17.969 "dr-DNPds" null
04:19.822 "Triathlonracer" null
04:21.665 "dartjason" null
04:27.824 "JacobReinvent2018" null
04:36.974 "maestrodigatto" null
04:40.377 "MeteoNetworkLeague" null
04:41.391 "ShibaInu-DevelopersIO" null
04:46.921 "Nellak" null
04:51.886 "Merfoulis" null
05:12.311 "MMeffert" null
05:16.021 "TRS-DR" null
05:19.497 "sola-salon18" null
06:14.321 "IC" null
06:16.198 "NicoleRace" null
06:25.141 "s1thind" null
06:45.339 "Giacomo" null
07:13.944 "Tom-Morrow-Racer" null
07:16.059 "satussy777" null
07:24.954 "Taketo" null
07:35.745 "NewSpeed" null
07:36.312 "AlmaWin" null
08:42.990 "Dalyo" null
08:52.288 "Usin" null
08:55.061 "Jochem" null
09:21.113 "GeGeronimo" null
10:29.104 "delete" null
10:37.513 "RunBabyRun" null
14:48.303 "DeepFlyer" null
