01:08.664 "JJ" null
01:08.888 "Karl-NAB" null
01:18.613 "RayG" null
01:22.683 "PolishThunder" null
01:29.030 "DBro" null
01:30.997 "RichardFan" null
01:32.343 "nero-DNPds" null
01:33.292 "Breadcentric" null
01:33.965 "Robin-Castro" null
01:34.884 "Etaggel" null
01:35.199 "Galileo" null
01:36.965 "GT-DevelopersIO" null
01:39.333 "MattCamp" null
01:39.915 "BlueDevil" null
01:41.550 "ABaykov" null
01:41.837 "Lazuli" null
01:42.003 "OneDudeDesign" null
01:42.152 "dartjason" null
01:43.356 "Jochem" null
01:43.362 "Keaton" null
01:43.814 "Fumiaki" null
01:45.378 "Mentaiko-DevelopersIO" null
01:46.175 "SpeedFreak" null
01:46.780 "bluetulipz" null
01:46.804 "gigi-DNPds" null
01:47.736 "think" null
01:48.306 "ShibaInu-DevelopersIO" null
01:49.526 "hiroisojp" null
01:49.568 "nalbam-me" null
01:51.240 "Momotaro-DevelopersIO" null
01:52.033 "Jianlong-DBS" null
01:52.788 "kimwooglae" null
01:53.993 "megadriver" null
01:55.925 "DriftKings-ET" null
01:56.168 "MING-CHUN" null
01:56.736 "CIHI-AutonomousRacingLeague-WarmUp" null
01:56.912 "NewSpeed" null
02:00.757 "s1thind" null
02:02.077 "chilmeran" null
02:02.090 "Hagibis" null
02:02.573 "Ernesto" null
02:03.055 "nine9" null
02:03.276 "Giacomo" null
02:03.604 "HiroshiRon" null
02:06.857 "Kire" null
02:07.658 "leo-DNPds" null
02:10.223 "ChangsooCap" null
02:12.787 "Merfoulis" null
02:13.702 "satussy777" null
02:15.237 "kotaro-DNPds" null
02:17.581 "powerpeter" null
02:18.185 "muzi" null
02:22.228 "piano" null
02:22.785 "Taketo" null
02:24.101 "Dalyo" null
02:29.076 "TRS-DR" null
02:32.436 "RunBabyRun" null
02:35.482 "Nellak" null
02:42.785 "mal" null
02:44.894 "mayurmadnani" null
02:48.638 "Mainak-Ghosh" null
02:48.655 "IVaibhavMalpani" null
02:48.894 "sola-salon18" null
02:50.379 "nlazouzi" null
02:54.215 "AlmaWin" null
03:00.794 "VanderShip" null
03:01.173 "HKC2EBasic" null
03:05.167 "dr-DNPds" null
03:06.968 "Tom-Morrow-Racer" null
03:14.374 "Marco-Buss" null
03:16.789 "Romana" null
03:19.634 "sola-burner" null
03:21.552 "kdog" null
03:27.894 "trainocate" null
03:35.108 "Wasabi-DevelopersIO" null
03:41.011 "DarkChocolate" null
03:44.292 "JPMC-Dallas-DeepRacer-SB3" null
03:47.015 "DeepFlyer" null
03:47.777 "Sophie-Merry" null
03:50.039 "Usin" null
03:57.809 "R2D2" null
03:58.043 "MMeffert" null
04:13.185 "NicoleRace" null
04:14.139 "testdriver" null
04:19.577 "Vaibhav" null
04:28.286 "00a" null
04:28.830 "blackpearl" null
04:38.256 "Need4Speed-Race1" null
04:47.624 "maestrodigatto" null
04:55.796 "WJ" null
04:57.250 "delete" null
04:58.083 "FancyAmbulance" null
04:58.731 "P4trick" null
05:04.663 "Admin" null
05:14.802 "qweqwe" null
05:16.097 "rAIse-ing" null
05:16.711 "learn-race" null
05:16.987 "MWH" null
05:23.661 "rac-rac" null
05:37.918 "Evaluation" null
